mode: atomic
github.com/mmcdole/gofeed/detector.go:28.46,32.16 3 23
github.com/mmcdole/gofeed/detector.go:36.2,37.14 2 20
github.com/mmcdole/gofeed/detector.go:32.16,34.3 1 3
github.com/mmcdole/gofeed/detector.go:38.2,39.21 1 4
github.com/mmcdole/gofeed/detector.go:40.2,41.21 1 4
github.com/mmcdole/gofeed/detector.go:42.2,43.22 1 8
github.com/mmcdole/gofeed/detector.go:44.2,45.25 1 4
github.com/mmcdole/gofeed/feed.go:35.31,38.2 2 0
github.com/mmcdole/gofeed/parser.go:21.37,23.2 1 0
github.com/mmcdole/gofeed/parser.go:37.26,43.2 2 18
github.com/mmcdole/gofeed/parser.go:48.55,62.18 5 17
github.com/mmcdole/gofeed/parser.go:68.2,68.54 1 5
github.com/mmcdole/gofeed/parser.go:63.2,64.28 1 6
github.com/mmcdole/gofeed/parser.go:65.2,66.27 1 6
github.com/mmcdole/gofeed/parser.go:73.67,77.16 3 6
github.com/mmcdole/gofeed/parser.go:81.2,81.17 1 6
github.com/mmcdole/gofeed/parser.go:90.2,90.53 1 6
github.com/mmcdole/gofeed/parser.go:97.2,97.27 1 5
github.com/mmcdole/gofeed/parser.go:77.16,79.3 1 0
github.com/mmcdole/gofeed/parser.go:81.17,82.16 1 6
github.com/mmcdole/gofeed/parser.go:82.16,84.17 2 6
github.com/mmcdole/gofeed/parser.go:84.17,86.5 1 0
github.com/mmcdole/gofeed/parser.go:90.53,95.3 1 1
github.com/mmcdole/gofeed/parser.go:102.58,104.2 1 6
github.com/mmcdole/gofeed/parser.go:106.63,108.16 2 6
github.com/mmcdole/gofeed/parser.go:111.2,111.36 1 6
github.com/mmcdole/gofeed/parser.go:108.16,110.3 1 0
github.com/mmcdole/gofeed/parser.go:114.62,116.16 2 6
github.com/mmcdole/gofeed/parser.go:120.2,120.35 1 6
github.com/mmcdole/gofeed/parser.go:116.16,118.3 1 0
github.com/mmcdole/gofeed/parser.go:123.41,124.29 1 6
github.com/mmcdole/gofeed/parser.go:127.2,128.25 2 6
github.com/mmcdole/gofeed/parser.go:124.29,126.3 1 0
github.com/mmcdole/gofeed/parser.go:131.40,132.28 1 6
github.com/mmcdole/gofeed/parser.go:135.2,136.24 2 6
github.com/mmcdole/gofeed/parser.go:132.28,134.3 1 0
github.com/mmcdole/gofeed/parser.go:139.44,140.21 1 6
github.com/mmcdole/gofeed/parser.go:143.2,144.17 2 0
github.com/mmcdole/gofeed/parser.go:140.21,142.3 1 6
github.com/mmcdole/gofeed/translator.go:30.75,32.12 2 43
github.com/mmcdole/gofeed/translator.go:36.2,55.20 20 42
github.com/mmcdole/gofeed/translator.go:32.12,34.3 1 1
github.com/mmcdole/gofeed/translator.go:58.82,72.2 13 14
github.com/mmcdole/gofeed/translator.go:74.81,75.21 1 42
github.com/mmcdole/gofeed/translator.go:80.2,80.8 1 42
github.com/mmcdole/gofeed/translator.go:75.21,77.3 1 8
github.com/mmcdole/gofeed/translator.go:77.3,77.71 1 34
github.com/mmcdole/gofeed/translator.go:77.71,79.3 1 0
github.com/mmcdole/gofeed/translator.go:83.86,85.2 1 42
github.com/mmcdole/gofeed/translator.go:87.79,88.20 1 42
github.com/mmcdole/gofeed/translator.go:93.2,93.8 1 42
github.com/mmcdole/gofeed/translator.go:88.20,90.3 1 2
github.com/mmcdole/gofeed/translator.go:90.3,90.65 1 40
github.com/mmcdole/gofeed/translator.go:90.65,92.3 1 0
github.com/mmcdole/gofeed/translator.go:96.83,98.36 2 42
github.com/mmcdole/gofeed/translator.go:107.2,107.8 1 42
github.com/mmcdole/gofeed/translator.go:98.36,99.34 1 0
github.com/mmcdole/gofeed/translator.go:99.34,100.28 1 0
github.com/mmcdole/gofeed/translator.go:100.28,101.33 1 0
github.com/mmcdole/gofeed/translator.go:101.33,103.6 1 0
github.com/mmcdole/gofeed/translator.go:110.85,111.29 1 42
github.com/mmcdole/gofeed/translator.go:116.2,116.8 1 42
github.com/mmcdole/gofeed/translator.go:111.29,113.3 1 1
github.com/mmcdole/gofeed/translator.go:113.3,113.70 1 41
github.com/mmcdole/gofeed/translator.go:113.70,115.3 1 0
github.com/mmcdole/gofeed/translator.go:119.95,120.36 1 42
github.com/mmcdole/gofeed/translator.go:129.2,129.8 1 42
github.com/mmcdole/gofeed/translator.go:120.36,122.3 1 1
github.com/mmcdole/gofeed/translator.go:122.3,122.70 1 41
github.com/mmcdole/gofeed/translator.go:122.70,125.17 3 0
github.com/mmcdole/gofeed/translator.go:125.17,127.4 1 0
github.com/mmcdole/gofeed/translator.go:132.89,134.2 1 42
github.com/mmcdole/gofeed/translator.go:136.99,138.2 1 42
github.com/mmcdole/gofeed/translator.go:140.84,141.30 1 42
github.com/mmcdole/gofeed/translator.go:169.2,169.8 1 42
github.com/mmcdole/gofeed/translator.go:141.30,146.3 4 4
github.com/mmcdole/gofeed/translator.go:146.3,146.32 1 38
github.com/mmcdole/gofeed/translator.go:146.32,151.3 4 4
github.com/mmcdole/gofeed/translator.go:151.3,151.72 1 34
github.com/mmcdole/gofeed/translator.go:151.72,157.3 5 0
github.com/mmcdole/gofeed/translator.go:157.3,157.73 1 34
github.com/mmcdole/gofeed/translator.go:157.73,163.3 5 0
github.com/mmcdole/gofeed/translator.go:163.3,163.63 1 34
github.com/mmcdole/gofeed/translator.go:163.63,168.3 4 0
github.com/mmcdole/gofeed/translator.go:172.87,173.24 1 42
github.com/mmcdole/gofeed/translator.go:178.2,178.8 1 42
github.com/mmcdole/gofeed/translator.go:173.24,175.3 1 1
github.com/mmcdole/gofeed/translator.go:175.3,175.74 1 41
github.com/mmcdole/gofeed/translator.go:175.74,177.3 1 0
github.com/mmcdole/gofeed/translator.go:181.81,182.22 1 42
github.com/mmcdole/gofeed/translator.go:190.2,190.8 1 42
github.com/mmcdole/gofeed/translator.go:182.22,186.3 3 2
github.com/mmcdole/gofeed/translator.go:186.3,186.62 1 40
github.com/mmcdole/gofeed/translator.go:186.62,189.3 2 0
github.com/mmcdole/gofeed/translator.go:193.86,194.25 1 42
github.com/mmcdole/gofeed/translator.go:199.2,199.8 1 42
github.com/mmcdole/gofeed/translator.go:194.25,196.3 1 1
github.com/mmcdole/gofeed/translator.go:196.3,196.72 1 41
github.com/mmcdole/gofeed/translator.go:196.72,198.3 1 0
github.com/mmcdole/gofeed/translator.go:202.89,204.2 1 42
github.com/mmcdole/gofeed/translator.go:206.93,208.27 2 42
github.com/mmcdole/gofeed/translator.go:214.2,214.58 1 42
github.com/mmcdole/gofeed/translator.go:221.2,221.61 1 42
github.com/mmcdole/gofeed/translator.go:230.2,230.66 1 42
github.com/mmcdole/gofeed/translator.go:236.2,236.19 1 42
github.com/mmcdole/gofeed/translator.go:240.2,240.8 1 42
github.com/mmcdole/gofeed/translator.go:208.27,209.36 1 1
github.com/mmcdole/gofeed/translator.go:209.36,211.4 1 2
github.com/mmcdole/gofeed/translator.go:214.58,216.30 2 0
github.com/mmcdole/gofeed/translator.go:216.30,218.4 1 0
github.com/mmcdole/gofeed/translator.go:221.61,222.46 1 0
github.com/mmcdole/gofeed/translator.go:222.46,224.28 2 0
github.com/mmcdole/gofeed/translator.go:224.28,226.5 1 0
github.com/mmcdole/gofeed/translator.go:230.66,231.47 1 0
github.com/mmcdole/gofeed/translator.go:231.47,233.4 1 0
github.com/mmcdole/gofeed/translator.go:236.19,238.3 1 1
github.com/mmcdole/gofeed/translator.go:243.82,245.30 2 42
github.com/mmcdole/gofeed/translator.go:248.2,248.8 1 42
github.com/mmcdole/gofeed/translator.go:245.30,247.3 1 14
github.com/mmcdole/gofeed/translator.go:251.85,252.25 1 14
github.com/mmcdole/gofeed/translator.go:257.2,257.8 1 14
github.com/mmcdole/gofeed/translator.go:252.25,254.3 1 2
github.com/mmcdole/gofeed/translator.go:254.3,254.79 1 12
github.com/mmcdole/gofeed/translator.go:254.79,256.3 1 0
github.com/mmcdole/gofeed/translator.go:260.90,261.31 1 14
github.com/mmcdole/gofeed/translator.go:266.2,266.8 1 14
github.com/mmcdole/gofeed/translator.go:261.31,263.3 1 2
github.com/mmcdole/gofeed/translator.go:263.3,263.85 1 12
github.com/mmcdole/gofeed/translator.go:263.85,265.3 1 0
github.com/mmcdole/gofeed/translator.go:269.83,271.2 1 14
github.com/mmcdole/gofeed/translator.go:273.89,274.71 1 0
github.com/mmcdole/gofeed/translator.go:277.2,277.16 1 0
github.com/mmcdole/gofeed/translator.go:274.71,276.3 1 0
github.com/mmcdole/gofeed/translator.go:280.99,281.71 1 0
github.com/mmcdole/gofeed/translator.go:288.2,288.8 1 0
github.com/mmcdole/gofeed/translator.go:281.71,284.17 3 0
github.com/mmcdole/gofeed/translator.go:284.17,286.4 1 0
github.com/mmcdole/gofeed/translator.go:291.91,293.2 1 14
github.com/mmcdole/gofeed/translator.go:295.101,297.2 1 14
github.com/mmcdole/gofeed/translator.go:299.88,300.26 1 14
github.com/mmcdole/gofeed/translator.go:323.2,323.8 1 14
github.com/mmcdole/gofeed/translator.go:300.26,305.3 4 4
github.com/mmcdole/gofeed/translator.go:305.3,305.80 1 10
github.com/mmcdole/gofeed/translator.go:305.80,311.3 5 0
github.com/mmcdole/gofeed/translator.go:311.3,311.81 1 10
github.com/mmcdole/gofeed/translator.go:311.81,317.3 5 0
github.com/mmcdole/gofeed/translator.go:317.3,317.71 1 10
github.com/mmcdole/gofeed/translator.go:317.71,322.3 4 0
github.com/mmcdole/gofeed/translator.go:326.83,327.25 1 14
github.com/mmcdole/gofeed/translator.go:330.2,330.8 1 14
github.com/mmcdole/gofeed/translator.go:327.25,329.3 1 1
github.com/mmcdole/gofeed/translator.go:333.85,334.63 1 14
github.com/mmcdole/gofeed/translator.go:338.2,338.8 1 14
github.com/mmcdole/gofeed/translator.go:334.63,337.3 2 0
github.com/mmcdole/gofeed/translator.go:341.97,343.31 2 14
github.com/mmcdole/gofeed/translator.go:349.2,349.66 1 14
github.com/mmcdole/gofeed/translator.go:356.2,356.74 1 14
github.com/mmcdole/gofeed/translator.go:362.2,362.19 1 14
github.com/mmcdole/gofeed/translator.go:366.2,366.8 1 14
github.com/mmcdole/gofeed/translator.go:343.31,344.40 1 1
github.com/mmcdole/gofeed/translator.go:344.40,346.4 1 2
github.com/mmcdole/gofeed/translator.go:349.66,351.30 2 0
github.com/mmcdole/gofeed/translator.go:351.30,353.4 1 0
github.com/mmcdole/gofeed/translator.go:356.74,357.51 1 0
github.com/mmcdole/gofeed/translator.go:357.51,359.4 1 0
github.com/mmcdole/gofeed/translator.go:362.19,364.3 1 1
github.com/mmcdole/gofeed/translator.go:369.101,370.30 1 14
github.com/mmcdole/gofeed/translator.go:377.2,377.8 1 14
github.com/mmcdole/gofeed/translator.go:370.30,376.3 5 1
github.com/mmcdole/gofeed/translator.go:380.131,383.23 2 42
github.com/mmcdole/gofeed/translator.go:387.2,387.27 1 0
github.com/mmcdole/gofeed/translator.go:392.2,392.8 1 0
github.com/mmcdole/gofeed/translator.go:383.23,385.3 1 42
github.com/mmcdole/gofeed/translator.go:387.27,388.39 1 0
github.com/mmcdole/gofeed/translator.go:388.39,390.4 1 0
github.com/mmcdole/gofeed/translator.go:395.76,396.20 1 0
github.com/mmcdole/gofeed/translator.go:400.2,400.23 1 0
github.com/mmcdole/gofeed/translator.go:404.2,404.19 1 0
github.com/mmcdole/gofeed/translator.go:396.20,398.3 1 0
github.com/mmcdole/gofeed/translator.go:400.23,402.3 1 0
github.com/mmcdole/gofeed/translator.go:417.76,419.12 2 44
github.com/mmcdole/gofeed/translator.go:423.2,440.20 18 43
github.com/mmcdole/gofeed/translator.go:419.12,421.3 1 1
github.com/mmcdole/gofeed/translator.go:443.83,460.2 16 18
github.com/mmcdole/gofeed/translator.go:462.84,464.2 1 43
github.com/mmcdole/gofeed/translator.go:466.89,468.2 1 43
github.com/mmcdole/gofeed/translator.go:470.82,472.14 2 43
github.com/mmcdole/gofeed/translator.go:475.2,475.8 1 43
github.com/mmcdole/gofeed/translator.go:472.14,474.3 1 2
github.com/mmcdole/gofeed/translator.go:478.86,480.21 2 43
github.com/mmcdole/gofeed/translator.go:483.2,483.8 1 43
github.com/mmcdole/gofeed/translator.go:480.21,482.3 1 1
github.com/mmcdole/gofeed/translator.go:486.88,488.2 1 43
github.com/mmcdole/gofeed/translator.go:490.98,492.2 1 43
github.com/mmcdole/gofeed/translator.go:494.87,496.14 2 43
github.com/mmcdole/gofeed/translator.go:502.2,502.8 1 43
github.com/mmcdole/gofeed/translator.go:496.14,501.3 4 4
github.com/mmcdole/gofeed/translator.go:505.90,507.2 1 43
github.com/mmcdole/gofeed/translator.go:509.84,510.21 1 43
github.com/mmcdole/gofeed/translator.go:515.2,515.8 1 43
github.com/mmcdole/gofeed/translator.go:510.21,514.3 3 1
github.com/mmcdole/gofeed/translator.go:518.89,520.2 1 43
github.com/mmcdole/gofeed/translator.go:522.92,523.27 1 43
github.com/mmcdole/gofeed/translator.go:535.2,535.8 1 43
github.com/mmcdole/gofeed/translator.go:523.27,524.33 1 2
github.com/mmcdole/gofeed/translator.go:527.3,527.35 1 2
github.com/mmcdole/gofeed/translator.go:530.3,530.31 1 2
github.com/mmcdole/gofeed/translator.go:533.3,533.43 1 2
github.com/mmcdole/gofeed/translator.go:524.33,526.4 1 2
github.com/mmcdole/gofeed/translator.go:527.35,529.4 1 2
github.com/mmcdole/gofeed/translator.go:530.31,532.4 1 2
github.com/mmcdole/gofeed/translator.go:538.96,539.28 1 43
github.com/mmcdole/gofeed/translator.go:545.2,545.8 1 43
github.com/mmcdole/gofeed/translator.go:539.28,541.37 2 0
github.com/mmcdole/gofeed/translator.go:541.37,543.4 1 0
github.com/mmcdole/gofeed/translator.go:548.85,550.37 2 43
github.com/mmcdole/gofeed/translator.go:553.2,553.8 1 43
github.com/mmcdole/gofeed/translator.go:550.37,552.3 1 18
github.com/mmcdole/gofeed/translator.go:556.86,558.2 1 18
github.com/mmcdole/gofeed/translator.go:560.91,562.2 1 18
github.com/mmcdole/gofeed/translator.go:564.90,565.26 1 18
github.com/mmcdole/gofeed/translator.go:568.2,568.8 1 18
github.com/mmcdole/gofeed/translator.go:565.26,567.3 1 2
github.com/mmcdole/gofeed/translator.go:571.84,573.14 2 18
github.com/mmcdole/gofeed/translator.go:576.2,576.8 1 18
github.com/mmcdole/gofeed/translator.go:573.14,575.3 1 2
github.com/mmcdole/gofeed/translator.go:579.90,581.2 1 18
github.com/mmcdole/gofeed/translator.go:583.100,585.2 1 18
github.com/mmcdole/gofeed/translator.go:587.92,589.2 1 18
github.com/mmcdole/gofeed/translator.go:591.102,593.2 1 18
github.com/mmcdole/gofeed/translator.go:595.89,597.14 2 18
github.com/mmcdole/gofeed/translator.go:602.2,602.8 1 18
github.com/mmcdole/gofeed/translator.go:597.14,601.3 3 4
github.com/mmcdole/gofeed/translator.go:605.84,607.2 1 18
github.com/mmcdole/gofeed/translator.go:609.86,611.2 1 18
github.com/mmcdole/gofeed/translator.go:613.98,614.29 1 18
github.com/mmcdole/gofeed/translator.go:620.2,620.8 1 18
github.com/mmcdole/gofeed/translator.go:614.29,616.38 2 1
github.com/mmcdole/gofeed/translator.go:616.38,618.4 1 1
github.com/mmcdole/gofeed/translator.go:623.102,624.24 1 18
github.com/mmcdole/gofeed/translator.go:640.2,640.8 1 18
github.com/mmcdole/gofeed/translator.go:624.24,626.33 2 3
github.com/mmcdole/gofeed/translator.go:636.3,636.27 1 3
github.com/mmcdole/gofeed/translator.go:626.33,627.28 1 3
github.com/mmcdole/gofeed/translator.go:627.28,633.5 5 1
github.com/mmcdole/gofeed/translator.go:636.27,638.4 1 2
github.com/mmcdole/gofeed/translator.go:643.99,644.18 1 104
github.com/mmcdole/gofeed/translator.go:648.2,648.29 1 9
github.com/mmcdole/gofeed/translator.go:653.2,653.12 1 4
github.com/mmcdole/gofeed/translator.go:644.18,646.3 1 95
github.com/mmcdole/gofeed/translator.go:648.29,649.27 1 9
github.com/mmcdole/gofeed/translator.go:649.27,651.4 1 5
github.com/mmcdole/gofeed/translator.go:656.91,657.41 1 61
github.com/mmcdole/gofeed/translator.go:661.2,662.8 2 8
github.com/mmcdole/gofeed/translator.go:657.41,659.3 1 53
github.com/mmcdole/gofeed/atom/feed.go:31.31,34.2 2 0
github.com/mmcdole/gofeed/atom/parser.go:18.56,22.16 3 239
github.com/mmcdole/gofeed/atom/parser.go:26.2,26.24 1 239
github.com/mmcdole/gofeed/atom/parser.go:22.16,24.3 1 0
github.com/mmcdole/gofeed/atom/parser.go:29.66,30.55 1 239
github.com/mmcdole/gofeed/atom/parser.go:34.2,45.6 10 239
github.com/mmcdole/gofeed/atom/parser.go:160.2,160.25 1 239
github.com/mmcdole/gofeed/atom/parser.go:164.2,164.22 1 239
github.com/mmcdole/gofeed/atom/parser.go:168.2,168.27 1 239
github.com/mmcdole/gofeed/atom/parser.go:172.2,172.20 1 239
github.com/mmcdole/gofeed/atom/parser.go:176.2,176.25 1 239
github.com/mmcdole/gofeed/atom/parser.go:180.2,180.53 1 239
github.com/mmcdole/gofeed/atom/parser.go:184.2,184.18 1 239
github.com/mmcdole/gofeed/atom/parser.go:30.55,32.3 1 0
github.com/mmcdole/gofeed/atom/parser.go:45.6,47.17 2 479
github.com/mmcdole/gofeed/atom/parser.go:51.3,51.24 1 479
github.com/mmcdole/gofeed/atom/parser.go:55.3,55.26 1 240
github.com/mmcdole/gofeed/atom/parser.go:47.17,49.4 1 0
github.com/mmcdole/gofeed/atom/parser.go:51.24,52.9 1 239
github.com/mmcdole/gofeed/atom/parser.go:55.26,59.29 2 240
github.com/mmcdole/gofeed/atom/parser.go:59.29,61.19 2 0
github.com/mmcdole/gofeed/atom/parser.go:64.5,64.19 1 0
github.com/mmcdole/gofeed/atom/parser.go:61.19,63.6 1 0
github.com/mmcdole/gofeed/atom/parser.go:65.5,65.30 1 240
github.com/mmcdole/gofeed/atom/parser.go:65.30,67.19 2 15
github.com/mmcdole/gofeed/atom/parser.go:70.5,70.24 1 15
github.com/mmcdole/gofeed/atom/parser.go:67.19,69.6 1 0
github.com/mmcdole/gofeed/atom/parser.go:71.5,71.27 1 225
github.com/mmcdole/gofeed/atom/parser.go:71.27,73.19 2 2
github.com/mmcdole/gofeed/atom/parser.go:76.5,76.21 1 2
github.com/mmcdole/gofeed/atom/parser.go:73.19,75.6 1 0
github.com/mmcdole/gofeed/atom/parser.go:77.5,78.24 1 223
github.com/mmcdole/gofeed/atom/parser.go:78.24,80.19 2 1
github.com/mmcdole/gofeed/atom/parser.go:83.5,85.19 3 1
github.com/mmcdole/gofeed/atom/parser.go:80.19,82.6 1 0
github.com/mmcdole/gofeed/atom/parser.go:85.19,88.6 2 1
github.com/mmcdole/gofeed/atom/parser.go:89.5,90.23 1 222
github.com/mmcdole/gofeed/atom/parser.go:90.23,92.19 2 15
github.com/mmcdole/gofeed/atom/parser.go:95.5,95.27 1 15
github.com/mmcdole/gofeed/atom/parser.go:92.19,94.6 1 0
github.com/mmcdole/gofeed/atom/parser.go:96.5,96.29 1 207
github.com/mmcdole/gofeed/atom/parser.go:96.29,98.19 2 14
github.com/mmcdole/gofeed/atom/parser.go:101.5,101.34 1 14
github.com/mmcdole/gofeed/atom/parser.go:98.19,100.6 1 0
github.com/mmcdole/gofeed/atom/parser.go:102.5,102.34 1 193
github.com/mmcdole/gofeed/atom/parser.go:102.34,104.19 2 7
github.com/mmcdole/gofeed/atom/parser.go:107.5,107.28 1 7
github.com/mmcdole/gofeed/atom/parser.go:104.19,106.6 1 0
github.com/mmcdole/gofeed/atom/parser.go:108.5,108.29 1 186
github.com/mmcdole/gofeed/atom/parser.go:108.29,110.19 2 1
github.com/mmcdole/gofeed/atom/parser.go:113.5,113.23 1 1
github.com/mmcdole/gofeed/atom/parser.go:110.19,112.6 1 0
github.com/mmcdole/gofeed/atom/parser.go:114.5,114.29 1 185
github.com/mmcdole/gofeed/atom/parser.go:114.29,116.19 2 1
github.com/mmcdole/gofeed/atom/parser.go:119.5,119.23 1 1
github.com/mmcdole/gofeed/atom/parser.go:116.19,118.6 1 0
github.com/mmcdole/gofeed/atom/parser.go:120.5,121.25 1 184
github.com/mmcdole/gofeed/atom/parser.go:121.25,123.19 2 15
github.com/mmcdole/gofeed/atom/parser.go:126.5,126.25 1 15
github.com/mmcdole/gofeed/atom/parser.go:123.19,125.6 1 0
github.com/mmcdole/gofeed/atom/parser.go:127.5,127.36 1 169
github.com/mmcdole/gofeed/atom/parser.go:127.36,129.19 2 15
github.com/mmcdole/gofeed/atom/parser.go:132.5,132.48 1 15
github.com/mmcdole/gofeed/atom/parser.go:129.19,131.6 1 0
github.com/mmcdole/gofeed/atom/parser.go:133.5,133.31 1 154
github.com/mmcdole/gofeed/atom/parser.go:133.31,135.19 2 13
github.com/mmcdole/gofeed/atom/parser.go:138.5,138.38 1 13
github.com/mmcdole/gofeed/atom/parser.go:135.19,137.6 1 0
github.com/mmcdole/gofeed/atom/parser.go:139.5,139.33 1 141
github.com/mmcdole/gofeed/atom/parser.go:139.33,141.19 2 0
github.com/mmcdole/gofeed/atom/parser.go:144.5,144.44 1 0
github.com/mmcdole/gofeed/atom/parser.go:141.19,143.6 1 0
github.com/mmcdole/gofeed/atom/parser.go:145.5,145.30 1 141
github.com/mmcdole/gofeed/atom/parser.go:145.30,147.19 2 141
github.com/mmcdole/gofeed/atom/parser.go:150.5,150.48 1 141
github.com/mmcdole/gofeed/atom/parser.go:147.19,149.6 1 0
github.com/mmcdole/gofeed/atom/parser.go:151.5,153.19 2 0
github.com/mmcdole/gofeed/atom/parser.go:153.19,155.6 1 0
github.com/mmcdole/gofeed/atom/parser.go:160.25,162.3 1 0
github.com/mmcdole/gofeed/atom/parser.go:164.22,166.3 1 12
github.com/mmcdole/gofeed/atom/parser.go:168.27,170.3 1 13
github.com/mmcdole/gofeed/atom/parser.go:172.20,174.3 1 12
github.com/mmcdole/gofeed/atom/parser.go:176.25,178.3 1 0
github.com/mmcdole/gofeed/atom/parser.go:180.53,182.3 1 0
github.com/mmcdole/gofeed/atom/parser.go:187.68,188.56 1 141
github.com/mmcdole/gofeed/atom/parser.go:191.2,199.6 7 141
github.com/mmcdole/gofeed/atom/parser.go:313.2,313.25 1 141
github.com/mmcdole/gofeed/atom/parser.go:317.2,317.22 1 141
github.com/mmcdole/gofeed/atom/parser.go:321.2,321.20 1 141
github.com/mmcdole/gofeed/atom/parser.go:325.2,325.27 1 141
github.com/mmcdole/gofeed/atom/parser.go:329.2,329.25 1 141
github.com/mmcdole/gofeed/atom/parser.go:333.2,333.54 1 141
github.com/mmcdole/gofeed/atom/parser.go:337.2,337.19 1 141
github.com/mmcdole/gofeed/atom/parser.go:188.56,190.3 1 0
github.com/mmcdole/gofeed/atom/parser.go:199.6,201.17 2 287
github.com/mmcdole/gofeed/atom/parser.go:205.3,205.24 1 287
github.com/mmcdole/gofeed/atom/parser.go:209.3,209.26 1 146
github.com/mmcdole/gofeed/atom/parser.go:201.17,203.4 1 0
github.com/mmcdole/gofeed/atom/parser.go:205.24,206.9 1 141
github.com/mmcdole/gofeed/atom/parser.go:209.26,213.29 2 146
github.com/mmcdole/gofeed/atom/parser.go:213.29,215.19 2 0
github.com/mmcdole/gofeed/atom/parser.go:218.5,218.19 1 0
github.com/mmcdole/gofeed/atom/parser.go:215.19,217.6 1 0
github.com/mmcdole/gofeed/atom/parser.go:219.5,219.30 1 146
github.com/mmcdole/gofeed/atom/parser.go:219.30,221.19 2 15
github.com/mmcdole/gofeed/atom/parser.go:224.5,224.25 1 15
github.com/mmcdole/gofeed/atom/parser.go:221.19,223.6 1 0
github.com/mmcdole/gofeed/atom/parser.go:225.5,225.27 1 131
github.com/mmcdole/gofeed/atom/parser.go:225.27,227.19 2 2
github.com/mmcdole/gofeed/atom/parser.go:230.5,230.22 1 2
github.com/mmcdole/gofeed/atom/parser.go:227.19,229.6 1 0
github.com/mmcdole/gofeed/atom/parser.go:231.5,232.25 1 129
github.com/mmcdole/gofeed/atom/parser.go:232.25,234.19 2 5
github.com/mmcdole/gofeed/atom/parser.go:237.5,237.26 1 5
github.com/mmcdole/gofeed/atom/parser.go:234.19,236.6 1 0
github.com/mmcdole/gofeed/atom/parser.go:238.5,238.32 1 124
github.com/mmcdole/gofeed/atom/parser.go:238.32,240.19 2 15
github.com/mmcdole/gofeed/atom/parser.go:243.5,243.27 1 15
github.com/mmcdole/gofeed/atom/parser.go:240.19,242.6 1 0
github.com/mmcdole/gofeed/atom/parser.go:244.5,244.31 1 109
github.com/mmcdole/gofeed/atom/parser.go:244.31,246.19 2 50
github.com/mmcdole/gofeed/atom/parser.go:249.5,249.26 1 50
github.com/mmcdole/gofeed/atom/parser.go:246.19,248.6 1 0
github.com/mmcdole/gofeed/atom/parser.go:250.5,251.24 1 59
github.com/mmcdole/gofeed/atom/parser.go:251.24,253.19 2 2
github.com/mmcdole/gofeed/atom/parser.go:256.5,258.19 3 2
github.com/mmcdole/gofeed/atom/parser.go:253.19,255.6 1 0
github.com/mmcdole/gofeed/atom/parser.go:258.19,261.6 2 2
github.com/mmcdole/gofeed/atom/parser.go:262.5,262.36 1 57
github.com/mmcdole/gofeed/atom/parser.go:262.36,264.19 2 15
github.com/mmcdole/gofeed/atom/parser.go:267.5,267.48 1 15
github.com/mmcdole/gofeed/atom/parser.go:264.19,266.6 1 0
github.com/mmcdole/gofeed/atom/parser.go:268.5,268.31 1 42
github.com/mmcdole/gofeed/atom/parser.go:268.31,270.19 2 13
github.com/mmcdole/gofeed/atom/parser.go:273.5,273.38 1 13
github.com/mmcdole/gofeed/atom/parser.go:270.19,272.6 1 0
github.com/mmcdole/gofeed/atom/parser.go:274.5,274.33 1 29
github.com/mmcdole/gofeed/atom/parser.go:274.33,276.19 2 3
github.com/mmcdole/gofeed/atom/parser.go:279.5,279.44 1 3
github.com/mmcdole/gofeed/atom/parser.go:276.19,278.6 1 0
github.com/mmcdole/gofeed/atom/parser.go:280.5,280.29 1 26
github.com/mmcdole/gofeed/atom/parser.go:280.29,282.19 2 15
github.com/mmcdole/gofeed/atom/parser.go:285.5,285.34 1 15
github.com/mmcdole/gofeed/atom/parser.go:282.19,284.6 1 0
github.com/mmcdole/gofeed/atom/parser.go:286.5,287.22 1 11
github.com/mmcdole/gofeed/atom/parser.go:287.22,289.19 2 1
github.com/mmcdole/gofeed/atom/parser.go:292.5,294.19 3 1
github.com/mmcdole/gofeed/atom/parser.go:289.19,291.6 1 0
github.com/mmcdole/gofeed/atom/parser.go:294.19,297.6 2 1
github.com/mmcdole/gofeed/atom/parser.go:298.5,298.32 1 10
github.com/mmcdole/gofeed/atom/parser.go:298.32,300.19 2 10
github.com/mmcdole/gofeed/atom/parser.go:303.5,303.27 1 10
github.com/mmcdole/gofeed/atom/parser.go:300.19,302.6 1 0
github.com/mmcdole/gofeed/atom/parser.go:304.5,306.19 2 0
github.com/mmcdole/gofeed/atom/parser.go:306.19,308.6 1 0
github.com/mmcdole/gofeed/atom/parser.go:313.25,315.3 1 3
github.com/mmcdole/gofeed/atom/parser.go:317.22,319.3 1 12
github.com/mmcdole/gofeed/atom/parser.go:321.20,323.3 1 13
github.com/mmcdole/gofeed/atom/parser.go:325.27,327.3 1 13
github.com/mmcdole/gofeed/atom/parser.go:329.25,331.3 1 0
github.com/mmcdole/gofeed/atom/parser.go:333.54,335.3 1 0
github.com/mmcdole/gofeed/atom/parser.go:340.70,342.57 1 50
github.com/mmcdole/gofeed/atom/parser.go:346.2,354.6 7 50
github.com/mmcdole/gofeed/atom/parser.go:463.2,463.25 1 50
github.com/mmcdole/gofeed/atom/parser.go:467.2,467.22 1 50
github.com/mmcdole/gofeed/atom/parser.go:471.2,471.27 1 50
github.com/mmcdole/gofeed/atom/parser.go:475.2,475.20 1 50
github.com/mmcdole/gofeed/atom/parser.go:479.2,479.25 1 50
github.com/mmcdole/gofeed/atom/parser.go:483.2,483.55 1 50
github.com/mmcdole/gofeed/atom/parser.go:487.2,487.20 1 50
github.com/mmcdole/gofeed/atom/parser.go:342.57,344.3 1 0
github.com/mmcdole/gofeed/atom/parser.go:354.6,356.17 2 103
github.com/mmcdole/gofeed/atom/parser.go:360.3,360.24 1 103
github.com/mmcdole/gofeed/atom/parser.go:364.3,364.26 1 53
github.com/mmcdole/gofeed/atom/parser.go:356.17,358.4 1 0
github.com/mmcdole/gofeed/atom/parser.go:360.24,361.9 1 50
github.com/mmcdole/gofeed/atom/parser.go:364.26,368.29 2 53
github.com/mmcdole/gofeed/atom/parser.go:368.29,370.19 2 0
github.com/mmcdole/gofeed/atom/parser.go:373.5,373.19 1 0
github.com/mmcdole/gofeed/atom/parser.go:370.19,372.6 1 0
github.com/mmcdole/gofeed/atom/parser.go:374.5,374.30 1 53
github.com/mmcdole/gofeed/atom/parser.go:374.30,376.19 2 7
github.com/mmcdole/gofeed/atom/parser.go:379.5,379.26 1 7
github.com/mmcdole/gofeed/atom/parser.go:376.19,378.6 1 0
github.com/mmcdole/gofeed/atom/parser.go:380.5,380.27 1 46
github.com/mmcdole/gofeed/atom/parser.go:380.27,382.19 2 1
github.com/mmcdole/gofeed/atom/parser.go:385.5,385.23 1 1
github.com/mmcdole/gofeed/atom/parser.go:382.19,384.6 1 0
github.com/mmcdole/gofeed/atom/parser.go:386.5,387.24 1 45
github.com/mmcdole/gofeed/atom/parser.go:387.24,389.19 2 0
github.com/mmcdole/gofeed/atom/parser.go:392.5,394.19 3 0
github.com/mmcdole/gofeed/atom/parser.go:389.19,391.6 1 0
github.com/mmcdole/gofeed/atom/parser.go:394.19,397.6 2 0
github.com/mmcdole/gofeed/atom/parser.go:398.5,399.23 1 45
github.com/mmcdole/gofeed/atom/parser.go:399.23,401.19 2 7
github.com/mmcdole/gofeed/atom/parser.go:404.5,404.29 1 7
github.com/mmcdole/gofeed/atom/parser.go:401.19,403.6 1 0
github.com/mmcdole/gofeed/atom/parser.go:405.5,405.29 1 38
github.com/mmcdole/gofeed/atom/parser.go:405.29,407.19 2 8
github.com/mmcdole/gofeed/atom/parser.go:410.5,410.34 1 8
github.com/mmcdole/gofeed/atom/parser.go:407.19,409.6 1 0
github.com/mmcdole/gofeed/atom/parser.go:411.5,411.34 1 30
github.com/mmcdole/gofeed/atom/parser.go:411.34,413.19 2 3
github.com/mmcdole/gofeed/atom/parser.go:416.5,416.30 1 3
github.com/mmcdole/gofeed/atom/parser.go:413.19,415.6 1 0
github.com/mmcdole/gofeed/atom/parser.go:417.5,417.29 1 27
github.com/mmcdole/gofeed/atom/parser.go:417.29,419.19 2 1
github.com/mmcdole/gofeed/atom/parser.go:422.5,422.25 1 1
github.com/mmcdole/gofeed/atom/parser.go:419.19,421.6 1 0
github.com/mmcdole/gofeed/atom/parser.go:423.5,423.29 1 26
github.com/mmcdole/gofeed/atom/parser.go:423.29,425.19 2 2
github.com/mmcdole/gofeed/atom/parser.go:428.5,428.25 1 2
github.com/mmcdole/gofeed/atom/parser.go:425.19,427.6 1 0
github.com/mmcdole/gofeed/atom/parser.go:429.5,430.25 1 24
github.com/mmcdole/gofeed/atom/parser.go:430.25,432.19 2 7
github.com/mmcdole/gofeed/atom/parser.go:435.5,435.27 1 7
github.com/mmcdole/gofeed/atom/parser.go:432.19,434.6 1 0
github.com/mmcdole/gofeed/atom/parser.go:436.5,436.36 1 17
github.com/mmcdole/gofeed/atom/parser.go:436.36,438.19 2 7
github.com/mmcdole/gofeed/atom/parser.go:441.5,441.48 1 7
github.com/mmcdole/gofeed/atom/parser.go:438.19,440.6 1 0
github.com/mmcdole/gofeed/atom/parser.go:442.5,442.31 1 10
github.com/mmcdole/gofeed/atom/parser.go:442.31,444.19 2 7
github.com/mmcdole/gofeed/atom/parser.go:447.5,447.38 1 7
github.com/mmcdole/gofeed/atom/parser.go:444.19,446.6 1 0
github.com/mmcdole/gofeed/atom/parser.go:448.5,448.33 1 3
github.com/mmcdole/gofeed/atom/parser.go:448.33,450.19 2 3
github.com/mmcdole/gofeed/atom/parser.go:453.5,453.44 1 3
github.com/mmcdole/gofeed/atom/parser.go:450.19,452.6 1 0
github.com/mmcdole/gofeed/atom/parser.go:454.5,456.19 2 0
github.com/mmcdole/gofeed/atom/parser.go:456.19,458.6 1 0
github.com/mmcdole/gofeed/atom/parser.go:463.25,465.3 1 3
github.com/mmcdole/gofeed/atom/parser.go:467.22,469.3 1 6
github.com/mmcdole/gofeed/atom/parser.go:471.27,473.3 1 6
github.com/mmcdole/gofeed/atom/parser.go:475.20,477.3 1 7
github.com/mmcdole/gofeed/atom/parser.go:479.25,481.3 1 0
github.com/mmcdole/gofeed/atom/parser.go:483.55,485.3 1 0
github.com/mmcdole/gofeed/atom/parser.go:490.72,496.16 5 10
github.com/mmcdole/gofeed/atom/parser.go:499.2,501.15 2 10
github.com/mmcdole/gofeed/atom/parser.go:496.16,498.3 1 0
github.com/mmcdole/gofeed/atom/parser.go:504.83,506.53 1 70
github.com/mmcdole/gofeed/atom/parser.go:510.2,512.6 2 70
github.com/mmcdole/gofeed/atom/parser.go:555.2,555.51 1 70
github.com/mmcdole/gofeed/atom/parser.go:559.2,559.20 1 70
github.com/mmcdole/gofeed/atom/parser.go:506.53,508.3 1 0
github.com/mmcdole/gofeed/atom/parser.go:512.6,514.17 2 172
github.com/mmcdole/gofeed/atom/parser.go:518.3,518.24 1 172
github.com/mmcdole/gofeed/atom/parser.go:522.3,522.26 1 102
github.com/mmcdole/gofeed/atom/parser.go:514.17,516.4 1 0
github.com/mmcdole/gofeed/atom/parser.go:518.24,519.9 1 70
github.com/mmcdole/gofeed/atom/parser.go:522.26,526.22 2 102
github.com/mmcdole/gofeed/atom/parser.go:526.22,528.19 2 36
github.com/mmcdole/gofeed/atom/parser.go:531.5,531.25 1 36
github.com/mmcdole/gofeed/atom/parser.go:528.19,530.6 1 0
github.com/mmcdole/gofeed/atom/parser.go:532.5,532.30 1 66
github.com/mmcdole/gofeed/atom/parser.go:532.30,534.19 2 26
github.com/mmcdole/gofeed/atom/parser.go:537.5,537.26 1 26
github.com/mmcdole/gofeed/atom/parser.go:534.19,536.6 1 0
github.com/mmcdole/gofeed/atom/parser.go:538.5,540.24 1 40
github.com/mmcdole/gofeed/atom/parser.go:540.24,542.19 2 40
github.com/mmcdole/gofeed/atom/parser.go:545.5,545.24 1 40
github.com/mmcdole/gofeed/atom/parser.go:542.19,544.6 1 0
github.com/mmcdole/gofeed/atom/parser.go:546.5,548.19 2 0
github.com/mmcdole/gofeed/atom/parser.go:548.19,550.6 1 0
github.com/mmcdole/gofeed/atom/parser.go:555.51,557.3 1 0
github.com/mmcdole/gofeed/atom/parser.go:562.66,563.55 1 37
github.com/mmcdole/gofeed/atom/parser.go:567.2,574.17 8 37
github.com/mmcdole/gofeed/atom/parser.go:578.2,578.33 1 37
github.com/mmcdole/gofeed/atom/parser.go:582.2,582.53 1 37
github.com/mmcdole/gofeed/atom/parser.go:585.2,585.15 1 37
github.com/mmcdole/gofeed/atom/parser.go:563.55,565.3 1 0
github.com/mmcdole/gofeed/atom/parser.go:574.17,576.3 1 22
github.com/mmcdole/gofeed/atom/parser.go:578.33,580.3 1 0
github.com/mmcdole/gofeed/atom/parser.go:582.53,584.3 1 0
github.com/mmcdole/gofeed/atom/parser.go:588.74,589.59 1 6
github.com/mmcdole/gofeed/atom/parser.go:593.2,598.33 5 6
github.com/mmcdole/gofeed/atom/parser.go:602.2,602.57 1 6
github.com/mmcdole/gofeed/atom/parser.go:605.2,605.15 1 6
github.com/mmcdole/gofeed/atom/parser.go:589.59,591.3 1 0
github.com/mmcdole/gofeed/atom/parser.go:598.33,600.3 1 0
github.com/mmcdole/gofeed/atom/parser.go:602.57,604.3 1 0
github.com/mmcdole/gofeed/atom/parser.go:608.76,610.60 1 10
github.com/mmcdole/gofeed/atom/parser.go:614.2,619.15 4 10
github.com/mmcdole/gofeed/atom/parser.go:625.2,628.16 3 10
github.com/mmcdole/gofeed/atom/parser.go:632.2,634.58 2 10
github.com/mmcdole/gofeed/atom/parser.go:638.2,638.15 1 10
github.com/mmcdole/gofeed/atom/parser.go:610.60,612.3 1 0
github.com/mmcdole/gofeed/atom/parser.go:619.15,621.3 1 2
github.com/mmcdole/gofeed/atom/parser.go:621.3,621.22 1 8
github.com/mmcdole/gofeed/atom/parser.go:621.22,623.3 1 2
github.com/mmcdole/gofeed/atom/parser.go:628.16,630.3 1 0
github.com/mmcdole/gofeed/atom/parser.go:634.58,636.3 1 0
github.com/mmcdole/gofeed/atom/parser.go:641.71,650.16 3 237
github.com/mmcdole/gofeed/atom/parser.go:654.2,658.36 3 237
github.com/mmcdole/gofeed/atom/parser.go:664.2,669.40 3 237
github.com/mmcdole/gofeed/atom/parser.go:683.2,683.20 1 237
github.com/mmcdole/gofeed/atom/parser.go:650.16,652.3 1 0
github.com/mmcdole/gofeed/atom/parser.go:658.36,662.3 3 0
github.com/mmcdole/gofeed/atom/parser.go:669.40,671.3 1 168
github.com/mmcdole/gofeed/atom/parser.go:671.3,671.49 1 69
github.com/mmcdole/gofeed/atom/parser.go:671.49,673.3 1 30
github.com/mmcdole/gofeed/atom/parser.go:673.3,673.32 1 39
github.com/mmcdole/gofeed/atom/parser.go:673.32,676.3 2 11
github.com/mmcdole/gofeed/atom/parser.go:676.3,678.17 2 28
github.com/mmcdole/gofeed/atom/parser.go:678.17,680.4 1 28
github.com/mmcdole/gofeed/atom/parser.go:686.62,688.2 1 239
github.com/mmcdole/gofeed/atom/parser.go:690.61,692.15 2 239
github.com/mmcdole/gofeed/atom/parser.go:696.2,697.38 2 151
github.com/mmcdole/gofeed/atom/parser.go:701.2,701.41 1 151
github.com/mmcdole/gofeed/atom/parser.go:705.2,705.11 1 0
github.com/mmcdole/gofeed/atom/parser.go:692.15,694.3 1 88
github.com/mmcdole/gofeed/atom/parser.go:697.38,699.3 1 0
github.com/mmcdole/gofeed/atom/parser.go:701.41,703.3 1 151
github.com/mmcdole/gofeed/atom/parser.go:708.68,712.16 4 41
github.com/mmcdole/gofeed/atom/parser.go:721.2,721.8 1 41
github.com/mmcdole/gofeed/atom/parser.go:712.16,714.52 2 41
github.com/mmcdole/gofeed/atom/parser.go:714.52,716.18 2 31
github.com/mmcdole/gofeed/atom/parser.go:716.18,718.5 1 31
github.com/mmcdole/gofeed/atom/feed.go:31.31,34.2 2 0
github.com/mmcdole/gofeed/atom/parser.go:18.56,22.16 3 239
github.com/mmcdole/gofeed/atom/parser.go:26.2,26.24 1 239
github.com/mmcdole/gofeed/atom/parser.go:22.16,24.3 1 0
github.com/mmcdole/gofeed/atom/parser.go:29.66,30.55 1 239
github.com/mmcdole/gofeed/atom/parser.go:34.2,45.6 10 239
github.com/mmcdole/gofeed/atom/parser.go:160.2,160.25 1 239
github.com/mmcdole/gofeed/atom/parser.go:164.2,164.22 1 239
github.com/mmcdole/gofeed/atom/parser.go:168.2,168.27 1 239
github.com/mmcdole/gofeed/atom/parser.go:172.2,172.20 1 239
github.com/mmcdole/gofeed/atom/parser.go:176.2,176.25 1 239
github.com/mmcdole/gofeed/atom/parser.go:180.2,180.53 1 239
github.com/mmcdole/gofeed/atom/parser.go:184.2,184.18 1 239
github.com/mmcdole/gofeed/atom/parser.go:30.55,32.3 1 0
github.com/mmcdole/gofeed/atom/parser.go:45.6,47.17 2 479
github.com/mmcdole/gofeed/atom/parser.go:51.3,51.24 1 479
github.com/mmcdole/gofeed/atom/parser.go:55.3,55.26 1 240
github.com/mmcdole/gofeed/atom/parser.go:47.17,49.4 1 0
github.com/mmcdole/gofeed/atom/parser.go:51.24,52.9 1 239
github.com/mmcdole/gofeed/atom/parser.go:55.26,59.29 2 240
github.com/mmcdole/gofeed/atom/parser.go:59.29,61.19 2 0
github.com/mmcdole/gofeed/atom/parser.go:64.5,64.19 1 0
github.com/mmcdole/gofeed/atom/parser.go:61.19,63.6 1 0
github.com/mmcdole/gofeed/atom/parser.go:65.5,65.30 1 240
github.com/mmcdole/gofeed/atom/parser.go:65.30,67.19 2 15
github.com/mmcdole/gofeed/atom/parser.go:70.5,70.24 1 15
github.com/mmcdole/gofeed/atom/parser.go:67.19,69.6 1 0
github.com/mmcdole/gofeed/atom/parser.go:71.5,71.27 1 225
github.com/mmcdole/gofeed/atom/parser.go:71.27,73.19 2 2
github.com/mmcdole/gofeed/atom/parser.go:76.5,76.21 1 2
github.com/mmcdole/gofeed/atom/parser.go:73.19,75.6 1 0
github.com/mmcdole/gofeed/atom/parser.go:77.5,78.24 1 223
github.com/mmcdole/gofeed/atom/parser.go:78.24,80.19 2 1
github.com/mmcdole/gofeed/atom/parser.go:83.5,85.19 3 1
github.com/mmcdole/gofeed/atom/parser.go:80.19,82.6 1 0
github.com/mmcdole/gofeed/atom/parser.go:85.19,88.6 2 1
github.com/mmcdole/gofeed/atom/parser.go:89.5,90.23 1 222
github.com/mmcdole/gofeed/atom/parser.go:90.23,92.19 2 15
github.com/mmcdole/gofeed/atom/parser.go:95.5,95.27 1 15
github.com/mmcdole/gofeed/atom/parser.go:92.19,94.6 1 0
github.com/mmcdole/gofeed/atom/parser.go:96.5,96.29 1 207
github.com/mmcdole/gofeed/atom/parser.go:96.29,98.19 2 14
github.com/mmcdole/gofeed/atom/parser.go:101.5,101.34 1 14
github.com/mmcdole/gofeed/atom/parser.go:98.19,100.6 1 0
github.com/mmcdole/gofeed/atom/parser.go:102.5,102.34 1 193
github.com/mmcdole/gofeed/atom/parser.go:102.34,104.19 2 7
github.com/mmcdole/gofeed/atom/parser.go:107.5,107.28 1 7
github.com/mmcdole/gofeed/atom/parser.go:104.19,106.6 1 0
github.com/mmcdole/gofeed/atom/parser.go:108.5,108.29 1 186
github.com/mmcdole/gofeed/atom/parser.go:108.29,110.19 2 1
github.com/mmcdole/gofeed/atom/parser.go:113.5,113.23 1 1
github.com/mmcdole/gofeed/atom/parser.go:110.19,112.6 1 0
github.com/mmcdole/gofeed/atom/parser.go:114.5,114.29 1 185
github.com/mmcdole/gofeed/atom/parser.go:114.29,116.19 2 1
github.com/mmcdole/gofeed/atom/parser.go:119.5,119.23 1 1
github.com/mmcdole/gofeed/atom/parser.go:116.19,118.6 1 0
github.com/mmcdole/gofeed/atom/parser.go:120.5,121.25 1 184
github.com/mmcdole/gofeed/atom/parser.go:121.25,123.19 2 15
github.com/mmcdole/gofeed/atom/parser.go:126.5,126.25 1 15
github.com/mmcdole/gofeed/atom/parser.go:123.19,125.6 1 0
github.com/mmcdole/gofeed/atom/parser.go:127.5,127.36 1 169
github.com/mmcdole/gofeed/atom/parser.go:127.36,129.19 2 15
github.com/mmcdole/gofeed/atom/parser.go:132.5,132.48 1 15
github.com/mmcdole/gofeed/atom/parser.go:129.19,131.6 1 0
github.com/mmcdole/gofeed/atom/parser.go:133.5,133.31 1 154
github.com/mmcdole/gofeed/atom/parser.go:133.31,135.19 2 13
github.com/mmcdole/gofeed/atom/parser.go:138.5,138.38 1 13
github.com/mmcdole/gofeed/atom/parser.go:135.19,137.6 1 0
github.com/mmcdole/gofeed/atom/parser.go:139.5,139.33 1 141
github.com/mmcdole/gofeed/atom/parser.go:139.33,141.19 2 0
github.com/mmcdole/gofeed/atom/parser.go:144.5,144.44 1 0
github.com/mmcdole/gofeed/atom/parser.go:141.19,143.6 1 0
github.com/mmcdole/gofeed/atom/parser.go:145.5,145.30 1 141
github.com/mmcdole/gofeed/atom/parser.go:145.30,147.19 2 141
github.com/mmcdole/gofeed/atom/parser.go:150.5,150.48 1 141
github.com/mmcdole/gofeed/atom/parser.go:147.19,149.6 1 0
github.com/mmcdole/gofeed/atom/parser.go:151.5,153.19 2 0
github.com/mmcdole/gofeed/atom/parser.go:153.19,155.6 1 0
github.com/mmcdole/gofeed/atom/parser.go:160.25,162.3 1 0
github.com/mmcdole/gofeed/atom/parser.go:164.22,166.3 1 12
github.com/mmcdole/gofeed/atom/parser.go:168.27,170.3 1 13
github.com/mmcdole/gofeed/atom/parser.go:172.20,174.3 1 12
github.com/mmcdole/gofeed/atom/parser.go:176.25,178.3 1 0
github.com/mmcdole/gofeed/atom/parser.go:180.53,182.3 1 0
github.com/mmcdole/gofeed/atom/parser.go:187.68,188.56 1 141
github.com/mmcdole/gofeed/atom/parser.go:191.2,199.6 7 141
github.com/mmcdole/gofeed/atom/parser.go:313.2,313.25 1 141
github.com/mmcdole/gofeed/atom/parser.go:317.2,317.22 1 141
github.com/mmcdole/gofeed/atom/parser.go:321.2,321.20 1 141
github.com/mmcdole/gofeed/atom/parser.go:325.2,325.27 1 141
github.com/mmcdole/gofeed/atom/parser.go:329.2,329.25 1 141
github.com/mmcdole/gofeed/atom/parser.go:333.2,333.54 1 141
github.com/mmcdole/gofeed/atom/parser.go:337.2,337.19 1 141
github.com/mmcdole/gofeed/atom/parser.go:188.56,190.3 1 0
github.com/mmcdole/gofeed/atom/parser.go:199.6,201.17 2 287
github.com/mmcdole/gofeed/atom/parser.go:205.3,205.24 1 287
github.com/mmcdole/gofeed/atom/parser.go:209.3,209.26 1 146
github.com/mmcdole/gofeed/atom/parser.go:201.17,203.4 1 0
github.com/mmcdole/gofeed/atom/parser.go:205.24,206.9 1 141
github.com/mmcdole/gofeed/atom/parser.go:209.26,213.29 2 146
github.com/mmcdole/gofeed/atom/parser.go:213.29,215.19 2 0
github.com/mmcdole/gofeed/atom/parser.go:218.5,218.19 1 0
github.com/mmcdole/gofeed/atom/parser.go:215.19,217.6 1 0
github.com/mmcdole/gofeed/atom/parser.go:219.5,219.30 1 146
github.com/mmcdole/gofeed/atom/parser.go:219.30,221.19 2 15
github.com/mmcdole/gofeed/atom/parser.go:224.5,224.25 1 15
github.com/mmcdole/gofeed/atom/parser.go:221.19,223.6 1 0
github.com/mmcdole/gofeed/atom/parser.go:225.5,225.27 1 131
github.com/mmcdole/gofeed/atom/parser.go:225.27,227.19 2 2
github.com/mmcdole/gofeed/atom/parser.go:230.5,230.22 1 2
github.com/mmcdole/gofeed/atom/parser.go:227.19,229.6 1 0
github.com/mmcdole/gofeed/atom/parser.go:231.5,232.25 1 129
github.com/mmcdole/gofeed/atom/parser.go:232.25,234.19 2 5
github.com/mmcdole/gofeed/atom/parser.go:237.5,237.26 1 5
github.com/mmcdole/gofeed/atom/parser.go:234.19,236.6 1 0
github.com/mmcdole/gofeed/atom/parser.go:238.5,238.32 1 124
github.com/mmcdole/gofeed/atom/parser.go:238.32,240.19 2 15
github.com/mmcdole/gofeed/atom/parser.go:243.5,243.27 1 15
github.com/mmcdole/gofeed/atom/parser.go:240.19,242.6 1 0
github.com/mmcdole/gofeed/atom/parser.go:244.5,244.31 1 109
github.com/mmcdole/gofeed/atom/parser.go:244.31,246.19 2 50
github.com/mmcdole/gofeed/atom/parser.go:249.5,249.26 1 50
github.com/mmcdole/gofeed/atom/parser.go:246.19,248.6 1 0
github.com/mmcdole/gofeed/atom/parser.go:250.5,251.24 1 59
github.com/mmcdole/gofeed/atom/parser.go:251.24,253.19 2 2
github.com/mmcdole/gofeed/atom/parser.go:256.5,258.19 3 2
github.com/mmcdole/gofeed/atom/parser.go:253.19,255.6 1 0
github.com/mmcdole/gofeed/atom/parser.go:258.19,261.6 2 2
github.com/mmcdole/gofeed/atom/parser.go:262.5,262.36 1 57
github.com/mmcdole/gofeed/atom/parser.go:262.36,264.19 2 15
github.com/mmcdole/gofeed/atom/parser.go:267.5,267.48 1 15
github.com/mmcdole/gofeed/atom/parser.go:264.19,266.6 1 0
github.com/mmcdole/gofeed/atom/parser.go:268.5,268.31 1 42
github.com/mmcdole/gofeed/atom/parser.go:268.31,270.19 2 13
github.com/mmcdole/gofeed/atom/parser.go:273.5,273.38 1 13
github.com/mmcdole/gofeed/atom/parser.go:270.19,272.6 1 0
github.com/mmcdole/gofeed/atom/parser.go:274.5,274.33 1 29
github.com/mmcdole/gofeed/atom/parser.go:274.33,276.19 2 3
github.com/mmcdole/gofeed/atom/parser.go:279.5,279.44 1 3
github.com/mmcdole/gofeed/atom/parser.go:276.19,278.6 1 0
github.com/mmcdole/gofeed/atom/parser.go:280.5,280.29 1 26
github.com/mmcdole/gofeed/atom/parser.go:280.29,282.19 2 15
github.com/mmcdole/gofeed/atom/parser.go:285.5,285.34 1 15
github.com/mmcdole/gofeed/atom/parser.go:282.19,284.6 1 0
github.com/mmcdole/gofeed/atom/parser.go:286.5,287.22 1 11
github.com/mmcdole/gofeed/atom/parser.go:287.22,289.19 2 1
github.com/mmcdole/gofeed/atom/parser.go:292.5,294.19 3 1
github.com/mmcdole/gofeed/atom/parser.go:289.19,291.6 1 0
github.com/mmcdole/gofeed/atom/parser.go:294.19,297.6 2 1
github.com/mmcdole/gofeed/atom/parser.go:298.5,298.32 1 10
github.com/mmcdole/gofeed/atom/parser.go:298.32,300.19 2 10
github.com/mmcdole/gofeed/atom/parser.go:303.5,303.27 1 10
github.com/mmcdole/gofeed/atom/parser.go:300.19,302.6 1 0
github.com/mmcdole/gofeed/atom/parser.go:304.5,306.19 2 0
github.com/mmcdole/gofeed/atom/parser.go:306.19,308.6 1 0
github.com/mmcdole/gofeed/atom/parser.go:313.25,315.3 1 3
github.com/mmcdole/gofeed/atom/parser.go:317.22,319.3 1 12
github.com/mmcdole/gofeed/atom/parser.go:321.20,323.3 1 13
github.com/mmcdole/gofeed/atom/parser.go:325.27,327.3 1 13
github.com/mmcdole/gofeed/atom/parser.go:329.25,331.3 1 0
github.com/mmcdole/gofeed/atom/parser.go:333.54,335.3 1 0
github.com/mmcdole/gofeed/atom/parser.go:340.70,342.57 1 50
github.com/mmcdole/gofeed/atom/parser.go:346.2,354.6 7 50
github.com/mmcdole/gofeed/atom/parser.go:463.2,463.25 1 50
github.com/mmcdole/gofeed/atom/parser.go:467.2,467.22 1 50
github.com/mmcdole/gofeed/atom/parser.go:471.2,471.27 1 50
github.com/mmcdole/gofeed/atom/parser.go:475.2,475.20 1 50
github.com/mmcdole/gofeed/atom/parser.go:479.2,479.25 1 50
github.com/mmcdole/gofeed/atom/parser.go:483.2,483.55 1 50
github.com/mmcdole/gofeed/atom/parser.go:487.2,487.20 1 50
github.com/mmcdole/gofeed/atom/parser.go:342.57,344.3 1 0
github.com/mmcdole/gofeed/atom/parser.go:354.6,356.17 2 103
github.com/mmcdole/gofeed/atom/parser.go:360.3,360.24 1 103
github.com/mmcdole/gofeed/atom/parser.go:364.3,364.26 1 53
github.com/mmcdole/gofeed/atom/parser.go:356.17,358.4 1 0
github.com/mmcdole/gofeed/atom/parser.go:360.24,361.9 1 50
github.com/mmcdole/gofeed/atom/parser.go:364.26,368.29 2 53
github.com/mmcdole/gofeed/atom/parser.go:368.29,370.19 2 0
github.com/mmcdole/gofeed/atom/parser.go:373.5,373.19 1 0
github.com/mmcdole/gofeed/atom/parser.go:370.19,372.6 1 0
github.com/mmcdole/gofeed/atom/parser.go:374.5,374.30 1 53
github.com/mmcdole/gofeed/atom/parser.go:374.30,376.19 2 7
github.com/mmcdole/gofeed/atom/parser.go:379.5,379.26 1 7
github.com/mmcdole/gofeed/atom/parser.go:376.19,378.6 1 0
github.com/mmcdole/gofeed/atom/parser.go:380.5,380.27 1 46
github.com/mmcdole/gofeed/atom/parser.go:380.27,382.19 2 1
github.com/mmcdole/gofeed/atom/parser.go:385.5,385.23 1 1
github.com/mmcdole/gofeed/atom/parser.go:382.19,384.6 1 0
github.com/mmcdole/gofeed/atom/parser.go:386.5,387.24 1 45
github.com/mmcdole/gofeed/atom/parser.go:387.24,389.19 2 0
github.com/mmcdole/gofeed/atom/parser.go:392.5,394.19 3 0
github.com/mmcdole/gofeed/atom/parser.go:389.19,391.6 1 0
github.com/mmcdole/gofeed/atom/parser.go:394.19,397.6 2 0
github.com/mmcdole/gofeed/atom/parser.go:398.5,399.23 1 45
github.com/mmcdole/gofeed/atom/parser.go:399.23,401.19 2 7
github.com/mmcdole/gofeed/atom/parser.go:404.5,404.29 1 7
github.com/mmcdole/gofeed/atom/parser.go:401.19,403.6 1 0
github.com/mmcdole/gofeed/atom/parser.go:405.5,405.29 1 38
github.com/mmcdole/gofeed/atom/parser.go:405.29,407.19 2 8
github.com/mmcdole/gofeed/atom/parser.go:410.5,410.34 1 8
github.com/mmcdole/gofeed/atom/parser.go:407.19,409.6 1 0
github.com/mmcdole/gofeed/atom/parser.go:411.5,411.34 1 30
github.com/mmcdole/gofeed/atom/parser.go:411.34,413.19 2 3
github.com/mmcdole/gofeed/atom/parser.go:416.5,416.30 1 3
github.com/mmcdole/gofeed/atom/parser.go:413.19,415.6 1 0
github.com/mmcdole/gofeed/atom/parser.go:417.5,417.29 1 27
github.com/mmcdole/gofeed/atom/parser.go:417.29,419.19 2 1
github.com/mmcdole/gofeed/atom/parser.go:422.5,422.25 1 1
github.com/mmcdole/gofeed/atom/parser.go:419.19,421.6 1 0
github.com/mmcdole/gofeed/atom/parser.go:423.5,423.29 1 26
github.com/mmcdole/gofeed/atom/parser.go:423.29,425.19 2 2
github.com/mmcdole/gofeed/atom/parser.go:428.5,428.25 1 2
github.com/mmcdole/gofeed/atom/parser.go:425.19,427.6 1 0
github.com/mmcdole/gofeed/atom/parser.go:429.5,430.25 1 24
github.com/mmcdole/gofeed/atom/parser.go:430.25,432.19 2 7
github.com/mmcdole/gofeed/atom/parser.go:435.5,435.27 1 7
github.com/mmcdole/gofeed/atom/parser.go:432.19,434.6 1 0
github.com/mmcdole/gofeed/atom/parser.go:436.5,436.36 1 17
github.com/mmcdole/gofeed/atom/parser.go:436.36,438.19 2 7
github.com/mmcdole/gofeed/atom/parser.go:441.5,441.48 1 7
github.com/mmcdole/gofeed/atom/parser.go:438.19,440.6 1 0
github.com/mmcdole/gofeed/atom/parser.go:442.5,442.31 1 10
github.com/mmcdole/gofeed/atom/parser.go:442.31,444.19 2 7
github.com/mmcdole/gofeed/atom/parser.go:447.5,447.38 1 7
github.com/mmcdole/gofeed/atom/parser.go:444.19,446.6 1 0
github.com/mmcdole/gofeed/atom/parser.go:448.5,448.33 1 3
github.com/mmcdole/gofeed/atom/parser.go:448.33,450.19 2 3
github.com/mmcdole/gofeed/atom/parser.go:453.5,453.44 1 3
github.com/mmcdole/gofeed/atom/parser.go:450.19,452.6 1 0
github.com/mmcdole/gofeed/atom/parser.go:454.5,456.19 2 0
github.com/mmcdole/gofeed/atom/parser.go:456.19,458.6 1 0
github.com/mmcdole/gofeed/atom/parser.go:463.25,465.3 1 3
github.com/mmcdole/gofeed/atom/parser.go:467.22,469.3 1 6
github.com/mmcdole/gofeed/atom/parser.go:471.27,473.3 1 6
github.com/mmcdole/gofeed/atom/parser.go:475.20,477.3 1 7
github.com/mmcdole/gofeed/atom/parser.go:479.25,481.3 1 0
github.com/mmcdole/gofeed/atom/parser.go:483.55,485.3 1 0
github.com/mmcdole/gofeed/atom/parser.go:490.72,496.16 5 10
github.com/mmcdole/gofeed/atom/parser.go:499.2,501.15 2 10
github.com/mmcdole/gofeed/atom/parser.go:496.16,498.3 1 0
github.com/mmcdole/gofeed/atom/parser.go:504.83,506.53 1 70
github.com/mmcdole/gofeed/atom/parser.go:510.2,512.6 2 70
github.com/mmcdole/gofeed/atom/parser.go:555.2,555.51 1 70
github.com/mmcdole/gofeed/atom/parser.go:559.2,559.20 1 70
github.com/mmcdole/gofeed/atom/parser.go:506.53,508.3 1 0
github.com/mmcdole/gofeed/atom/parser.go:512.6,514.17 2 172
github.com/mmcdole/gofeed/atom/parser.go:518.3,518.24 1 172
github.com/mmcdole/gofeed/atom/parser.go:522.3,522.26 1 102
github.com/mmcdole/gofeed/atom/parser.go:514.17,516.4 1 0
github.com/mmcdole/gofeed/atom/parser.go:518.24,519.9 1 70
github.com/mmcdole/gofeed/atom/parser.go:522.26,526.22 2 102
github.com/mmcdole/gofeed/atom/parser.go:526.22,528.19 2 36
github.com/mmcdole/gofeed/atom/parser.go:531.5,531.25 1 36
github.com/mmcdole/gofeed/atom/parser.go:528.19,530.6 1 0
github.com/mmcdole/gofeed/atom/parser.go:532.5,532.30 1 66
github.com/mmcdole/gofeed/atom/parser.go:532.30,534.19 2 26
github.com/mmcdole/gofeed/atom/parser.go:537.5,537.26 1 26
github.com/mmcdole/gofeed/atom/parser.go:534.19,536.6 1 0
github.com/mmcdole/gofeed/atom/parser.go:538.5,540.24 1 40
github.com/mmcdole/gofeed/atom/parser.go:540.24,542.19 2 40
github.com/mmcdole/gofeed/atom/parser.go:545.5,545.24 1 40
github.com/mmcdole/gofeed/atom/parser.go:542.19,544.6 1 0
github.com/mmcdole/gofeed/atom/parser.go:546.5,548.19 2 0
github.com/mmcdole/gofeed/atom/parser.go:548.19,550.6 1 0
github.com/mmcdole/gofeed/atom/parser.go:555.51,557.3 1 0
github.com/mmcdole/gofeed/atom/parser.go:562.66,563.55 1 37
github.com/mmcdole/gofeed/atom/parser.go:567.2,574.17 8 37
github.com/mmcdole/gofeed/atom/parser.go:578.2,578.33 1 37
github.com/mmcdole/gofeed/atom/parser.go:582.2,582.53 1 37
github.com/mmcdole/gofeed/atom/parser.go:585.2,585.15 1 37
github.com/mmcdole/gofeed/atom/parser.go:563.55,565.3 1 0
github.com/mmcdole/gofeed/atom/parser.go:574.17,576.3 1 22
github.com/mmcdole/gofeed/atom/parser.go:578.33,580.3 1 0
github.com/mmcdole/gofeed/atom/parser.go:582.53,584.3 1 0
github.com/mmcdole/gofeed/atom/parser.go:588.74,589.59 1 6
github.com/mmcdole/gofeed/atom/parser.go:593.2,598.33 5 6
github.com/mmcdole/gofeed/atom/parser.go:602.2,602.57 1 6
github.com/mmcdole/gofeed/atom/parser.go:605.2,605.15 1 6
github.com/mmcdole/gofeed/atom/parser.go:589.59,591.3 1 0
github.com/mmcdole/gofeed/atom/parser.go:598.33,600.3 1 0
github.com/mmcdole/gofeed/atom/parser.go:602.57,604.3 1 0
github.com/mmcdole/gofeed/atom/parser.go:608.76,610.60 1 10
github.com/mmcdole/gofeed/atom/parser.go:614.2,619.15 4 10
github.com/mmcdole/gofeed/atom/parser.go:625.2,628.16 3 10
github.com/mmcdole/gofeed/atom/parser.go:632.2,634.58 2 10
github.com/mmcdole/gofeed/atom/parser.go:638.2,638.15 1 10
github.com/mmcdole/gofeed/atom/parser.go:610.60,612.3 1 0
github.com/mmcdole/gofeed/atom/parser.go:619.15,621.3 1 2
github.com/mmcdole/gofeed/atom/parser.go:621.3,621.22 1 8
github.com/mmcdole/gofeed/atom/parser.go:621.22,623.3 1 2
github.com/mmcdole/gofeed/atom/parser.go:628.16,630.3 1 0
github.com/mmcdole/gofeed/atom/parser.go:634.58,636.3 1 0
github.com/mmcdole/gofeed/atom/parser.go:641.71,650.16 3 237
github.com/mmcdole/gofeed/atom/parser.go:654.2,658.36 3 237
github.com/mmcdole/gofeed/atom/parser.go:664.2,669.40 3 237
github.com/mmcdole/gofeed/atom/parser.go:683.2,683.20 1 237
github.com/mmcdole/gofeed/atom/parser.go:650.16,652.3 1 0
github.com/mmcdole/gofeed/atom/parser.go:658.36,662.3 3 0
github.com/mmcdole/gofeed/atom/parser.go:669.40,671.3 1 168
github.com/mmcdole/gofeed/atom/parser.go:671.3,671.49 1 69
github.com/mmcdole/gofeed/atom/parser.go:671.49,673.3 1 30
github.com/mmcdole/gofeed/atom/parser.go:673.3,673.32 1 39
github.com/mmcdole/gofeed/atom/parser.go:673.32,676.3 2 11
github.com/mmcdole/gofeed/atom/parser.go:676.3,678.17 2 28
github.com/mmcdole/gofeed/atom/parser.go:678.17,680.4 1 28
github.com/mmcdole/gofeed/atom/parser.go:686.62,688.2 1 239
github.com/mmcdole/gofeed/atom/parser.go:690.61,692.15 2 239
github.com/mmcdole/gofeed/atom/parser.go:696.2,697.38 2 151
github.com/mmcdole/gofeed/atom/parser.go:701.2,701.41 1 151
github.com/mmcdole/gofeed/atom/parser.go:705.2,705.11 1 0
github.com/mmcdole/gofeed/atom/parser.go:692.15,694.3 1 88
github.com/mmcdole/gofeed/atom/parser.go:697.38,699.3 1 0
github.com/mmcdole/gofeed/atom/parser.go:701.41,703.3 1 151
github.com/mmcdole/gofeed/atom/parser.go:708.68,712.16 4 41
github.com/mmcdole/gofeed/atom/parser.go:721.2,721.8 1 41
github.com/mmcdole/gofeed/atom/parser.go:712.16,714.52 2 41
github.com/mmcdole/gofeed/atom/parser.go:714.52,716.18 2 31
github.com/mmcdole/gofeed/atom/parser.go:716.18,718.5 1 31
github.com/mmcdole/gofeed/atom/feed.go:31.31,34.2 2 0
github.com/mmcdole/gofeed/atom/parser.go:18.56,22.16 3 239
github.com/mmcdole/gofeed/atom/parser.go:26.2,26.24 1 239
github.com/mmcdole/gofeed/atom/parser.go:22.16,24.3 1 0
github.com/mmcdole/gofeed/atom/parser.go:29.66,30.55 1 239
github.com/mmcdole/gofeed/atom/parser.go:34.2,45.6 10 239
github.com/mmcdole/gofeed/atom/parser.go:160.2,160.25 1 239
github.com/mmcdole/gofeed/atom/parser.go:164.2,164.22 1 239
github.com/mmcdole/gofeed/atom/parser.go:168.2,168.27 1 239
github.com/mmcdole/gofeed/atom/parser.go:172.2,172.20 1 239
github.com/mmcdole/gofeed/atom/parser.go:176.2,176.25 1 239
github.com/mmcdole/gofeed/atom/parser.go:180.2,180.53 1 239
github.com/mmcdole/gofeed/atom/parser.go:184.2,184.18 1 239
github.com/mmcdole/gofeed/atom/parser.go:30.55,32.3 1 0
github.com/mmcdole/gofeed/atom/parser.go:45.6,47.17 2 479
github.com/mmcdole/gofeed/atom/parser.go:51.3,51.24 1 479
github.com/mmcdole/gofeed/atom/parser.go:55.3,55.26 1 240
github.com/mmcdole/gofeed/atom/parser.go:47.17,49.4 1 0
github.com/mmcdole/gofeed/atom/parser.go:51.24,52.9 1 239
github.com/mmcdole/gofeed/atom/parser.go:55.26,59.29 2 240
github.com/mmcdole/gofeed/atom/parser.go:59.29,61.19 2 0
github.com/mmcdole/gofeed/atom/parser.go:64.5,64.19 1 0
github.com/mmcdole/gofeed/atom/parser.go:61.19,63.6 1 0
github.com/mmcdole/gofeed/atom/parser.go:65.5,65.30 1 240
github.com/mmcdole/gofeed/atom/parser.go:65.30,67.19 2 15
github.com/mmcdole/gofeed/atom/parser.go:70.5,70.24 1 15
github.com/mmcdole/gofeed/atom/parser.go:67.19,69.6 1 0
github.com/mmcdole/gofeed/atom/parser.go:71.5,71.27 1 225
github.com/mmcdole/gofeed/atom/parser.go:71.27,73.19 2 2
github.com/mmcdole/gofeed/atom/parser.go:76.5,76.21 1 2
github.com/mmcdole/gofeed/atom/parser.go:73.19,75.6 1 0
github.com/mmcdole/gofeed/atom/parser.go:77.5,78.24 1 223
github.com/mmcdole/gofeed/atom/parser.go:78.24,80.19 2 1
github.com/mmcdole/gofeed/atom/parser.go:83.5,85.19 3 1
github.com/mmcdole/gofeed/atom/parser.go:80.19,82.6 1 0
github.com/mmcdole/gofeed/atom/parser.go:85.19,88.6 2 1
github.com/mmcdole/gofeed/atom/parser.go:89.5,90.23 1 222
github.com/mmcdole/gofeed/atom/parser.go:90.23,92.19 2 15
github.com/mmcdole/gofeed/atom/parser.go:95.5,95.27 1 15
github.com/mmcdole/gofeed/atom/parser.go:92.19,94.6 1 0
github.com/mmcdole/gofeed/atom/parser.go:96.5,96.29 1 207
github.com/mmcdole/gofeed/atom/parser.go:96.29,98.19 2 14
github.com/mmcdole/gofeed/atom/parser.go:101.5,101.34 1 14
github.com/mmcdole/gofeed/atom/parser.go:98.19,100.6 1 0
github.com/mmcdole/gofeed/atom/parser.go:102.5,102.34 1 193
github.com/mmcdole/gofeed/atom/parser.go:102.34,104.19 2 7
github.com/mmcdole/gofeed/atom/parser.go:107.5,107.28 1 7
github.com/mmcdole/gofeed/atom/parser.go:104.19,106.6 1 0
github.com/mmcdole/gofeed/atom/parser.go:108.5,108.29 1 186
github.com/mmcdole/gofeed/atom/parser.go:108.29,110.19 2 1
github.com/mmcdole/gofeed/atom/parser.go:113.5,113.23 1 1
github.com/mmcdole/gofeed/atom/parser.go:110.19,112.6 1 0
github.com/mmcdole/gofeed/atom/parser.go:114.5,114.29 1 185
github.com/mmcdole/gofeed/atom/parser.go:114.29,116.19 2 1
github.com/mmcdole/gofeed/atom/parser.go:119.5,119.23 1 1
github.com/mmcdole/gofeed/atom/parser.go:116.19,118.6 1 0
github.com/mmcdole/gofeed/atom/parser.go:120.5,121.25 1 184
github.com/mmcdole/gofeed/atom/parser.go:121.25,123.19 2 15
github.com/mmcdole/gofeed/atom/parser.go:126.5,126.25 1 15
github.com/mmcdole/gofeed/atom/parser.go:123.19,125.6 1 0
github.com/mmcdole/gofeed/atom/parser.go:127.5,127.36 1 169
github.com/mmcdole/gofeed/atom/parser.go:127.36,129.19 2 15
github.com/mmcdole/gofeed/atom/parser.go:132.5,132.48 1 15
github.com/mmcdole/gofeed/atom/parser.go:129.19,131.6 1 0
github.com/mmcdole/gofeed/atom/parser.go:133.5,133.31 1 154
github.com/mmcdole/gofeed/atom/parser.go:133.31,135.19 2 13
github.com/mmcdole/gofeed/atom/parser.go:138.5,138.38 1 13
github.com/mmcdole/gofeed/atom/parser.go:135.19,137.6 1 0
github.com/mmcdole/gofeed/atom/parser.go:139.5,139.33 1 141
github.com/mmcdole/gofeed/atom/parser.go:139.33,141.19 2 0
github.com/mmcdole/gofeed/atom/parser.go:144.5,144.44 1 0
github.com/mmcdole/gofeed/atom/parser.go:141.19,143.6 1 0
github.com/mmcdole/gofeed/atom/parser.go:145.5,145.30 1 141
github.com/mmcdole/gofeed/atom/parser.go:145.30,147.19 2 141
github.com/mmcdole/gofeed/atom/parser.go:150.5,150.48 1 141
github.com/mmcdole/gofeed/atom/parser.go:147.19,149.6 1 0
github.com/mmcdole/gofeed/atom/parser.go:151.5,153.19 2 0
github.com/mmcdole/gofeed/atom/parser.go:153.19,155.6 1 0
github.com/mmcdole/gofeed/atom/parser.go:160.25,162.3 1 0
github.com/mmcdole/gofeed/atom/parser.go:164.22,166.3 1 12
github.com/mmcdole/gofeed/atom/parser.go:168.27,170.3 1 13
github.com/mmcdole/gofeed/atom/parser.go:172.20,174.3 1 12
github.com/mmcdole/gofeed/atom/parser.go:176.25,178.3 1 0
github.com/mmcdole/gofeed/atom/parser.go:180.53,182.3 1 0
github.com/mmcdole/gofeed/atom/parser.go:187.68,188.56 1 141
github.com/mmcdole/gofeed/atom/parser.go:191.2,199.6 7 141
github.com/mmcdole/gofeed/atom/parser.go:313.2,313.25 1 141
github.com/mmcdole/gofeed/atom/parser.go:317.2,317.22 1 141
github.com/mmcdole/gofeed/atom/parser.go:321.2,321.20 1 141
github.com/mmcdole/gofeed/atom/parser.go:325.2,325.27 1 141
github.com/mmcdole/gofeed/atom/parser.go:329.2,329.25 1 141
github.com/mmcdole/gofeed/atom/parser.go:333.2,333.54 1 141
github.com/mmcdole/gofeed/atom/parser.go:337.2,337.19 1 141
github.com/mmcdole/gofeed/atom/parser.go:188.56,190.3 1 0
github.com/mmcdole/gofeed/atom/parser.go:199.6,201.17 2 287
github.com/mmcdole/gofeed/atom/parser.go:205.3,205.24 1 287
github.com/mmcdole/gofeed/atom/parser.go:209.3,209.26 1 146
github.com/mmcdole/gofeed/atom/parser.go:201.17,203.4 1 0
github.com/mmcdole/gofeed/atom/parser.go:205.24,206.9 1 141
github.com/mmcdole/gofeed/atom/parser.go:209.26,213.29 2 146
github.com/mmcdole/gofeed/atom/parser.go:213.29,215.19 2 0
github.com/mmcdole/gofeed/atom/parser.go:218.5,218.19 1 0
github.com/mmcdole/gofeed/atom/parser.go:215.19,217.6 1 0
github.com/mmcdole/gofeed/atom/parser.go:219.5,219.30 1 146
github.com/mmcdole/gofeed/atom/parser.go:219.30,221.19 2 15
github.com/mmcdole/gofeed/atom/parser.go:224.5,224.25 1 15
github.com/mmcdole/gofeed/atom/parser.go:221.19,223.6 1 0
github.com/mmcdole/gofeed/atom/parser.go:225.5,225.27 1 131
github.com/mmcdole/gofeed/atom/parser.go:225.27,227.19 2 2
github.com/mmcdole/gofeed/atom/parser.go:230.5,230.22 1 2
github.com/mmcdole/gofeed/atom/parser.go:227.19,229.6 1 0
github.com/mmcdole/gofeed/atom/parser.go:231.5,232.25 1 129
github.com/mmcdole/gofeed/atom/parser.go:232.25,234.19 2 5
github.com/mmcdole/gofeed/atom/parser.go:237.5,237.26 1 5
github.com/mmcdole/gofeed/atom/parser.go:234.19,236.6 1 0
github.com/mmcdole/gofeed/atom/parser.go:238.5,238.32 1 124
github.com/mmcdole/gofeed/atom/parser.go:238.32,240.19 2 15
github.com/mmcdole/gofeed/atom/parser.go:243.5,243.27 1 15
github.com/mmcdole/gofeed/atom/parser.go:240.19,242.6 1 0
github.com/mmcdole/gofeed/atom/parser.go:244.5,244.31 1 109
github.com/mmcdole/gofeed/atom/parser.go:244.31,246.19 2 50
github.com/mmcdole/gofeed/atom/parser.go:249.5,249.26 1 50
github.com/mmcdole/gofeed/atom/parser.go:246.19,248.6 1 0
github.com/mmcdole/gofeed/atom/parser.go:250.5,251.24 1 59
github.com/mmcdole/gofeed/atom/parser.go:251.24,253.19 2 2
github.com/mmcdole/gofeed/atom/parser.go:256.5,258.19 3 2
github.com/mmcdole/gofeed/atom/parser.go:253.19,255.6 1 0
github.com/mmcdole/gofeed/atom/parser.go:258.19,261.6 2 2
github.com/mmcdole/gofeed/atom/parser.go:262.5,262.36 1 57
github.com/mmcdole/gofeed/atom/parser.go:262.36,264.19 2 15
github.com/mmcdole/gofeed/atom/parser.go:267.5,267.48 1 15
github.com/mmcdole/gofeed/atom/parser.go:264.19,266.6 1 0
github.com/mmcdole/gofeed/atom/parser.go:268.5,268.31 1 42
github.com/mmcdole/gofeed/atom/parser.go:268.31,270.19 2 13
github.com/mmcdole/gofeed/atom/parser.go:273.5,273.38 1 13
github.com/mmcdole/gofeed/atom/parser.go:270.19,272.6 1 0
github.com/mmcdole/gofeed/atom/parser.go:274.5,274.33 1 29
github.com/mmcdole/gofeed/atom/parser.go:274.33,276.19 2 3
github.com/mmcdole/gofeed/atom/parser.go:279.5,279.44 1 3
github.com/mmcdole/gofeed/atom/parser.go:276.19,278.6 1 0
github.com/mmcdole/gofeed/atom/parser.go:280.5,280.29 1 26
github.com/mmcdole/gofeed/atom/parser.go:280.29,282.19 2 15
github.com/mmcdole/gofeed/atom/parser.go:285.5,285.34 1 15
github.com/mmcdole/gofeed/atom/parser.go:282.19,284.6 1 0
github.com/mmcdole/gofeed/atom/parser.go:286.5,287.22 1 11
github.com/mmcdole/gofeed/atom/parser.go:287.22,289.19 2 1
github.com/mmcdole/gofeed/atom/parser.go:292.5,294.19 3 1
github.com/mmcdole/gofeed/atom/parser.go:289.19,291.6 1 0
github.com/mmcdole/gofeed/atom/parser.go:294.19,297.6 2 1
github.com/mmcdole/gofeed/atom/parser.go:298.5,298.32 1 10
github.com/mmcdole/gofeed/atom/parser.go:298.32,300.19 2 10
github.com/mmcdole/gofeed/atom/parser.go:303.5,303.27 1 10
github.com/mmcdole/gofeed/atom/parser.go:300.19,302.6 1 0
github.com/mmcdole/gofeed/atom/parser.go:304.5,306.19 2 0
github.com/mmcdole/gofeed/atom/parser.go:306.19,308.6 1 0
github.com/mmcdole/gofeed/atom/parser.go:313.25,315.3 1 3
github.com/mmcdole/gofeed/atom/parser.go:317.22,319.3 1 12
github.com/mmcdole/gofeed/atom/parser.go:321.20,323.3 1 13
github.com/mmcdole/gofeed/atom/parser.go:325.27,327.3 1 13
github.com/mmcdole/gofeed/atom/parser.go:329.25,331.3 1 0
github.com/mmcdole/gofeed/atom/parser.go:333.54,335.3 1 0
github.com/mmcdole/gofeed/atom/parser.go:340.70,342.57 1 50
github.com/mmcdole/gofeed/atom/parser.go:346.2,354.6 7 50
github.com/mmcdole/gofeed/atom/parser.go:463.2,463.25 1 50
github.com/mmcdole/gofeed/atom/parser.go:467.2,467.22 1 50
github.com/mmcdole/gofeed/atom/parser.go:471.2,471.27 1 50
github.com/mmcdole/gofeed/atom/parser.go:475.2,475.20 1 50
github.com/mmcdole/gofeed/atom/parser.go:479.2,479.25 1 50
github.com/mmcdole/gofeed/atom/parser.go:483.2,483.55 1 50
github.com/mmcdole/gofeed/atom/parser.go:487.2,487.20 1 50
github.com/mmcdole/gofeed/atom/parser.go:342.57,344.3 1 0
github.com/mmcdole/gofeed/atom/parser.go:354.6,356.17 2 103
github.com/mmcdole/gofeed/atom/parser.go:360.3,360.24 1 103
github.com/mmcdole/gofeed/atom/parser.go:364.3,364.26 1 53
github.com/mmcdole/gofeed/atom/parser.go:356.17,358.4 1 0
github.com/mmcdole/gofeed/atom/parser.go:360.24,361.9 1 50
github.com/mmcdole/gofeed/atom/parser.go:364.26,368.29 2 53
github.com/mmcdole/gofeed/atom/parser.go:368.29,370.19 2 0
github.com/mmcdole/gofeed/atom/parser.go:373.5,373.19 1 0
github.com/mmcdole/gofeed/atom/parser.go:370.19,372.6 1 0
github.com/mmcdole/gofeed/atom/parser.go:374.5,374.30 1 53
github.com/mmcdole/gofeed/atom/parser.go:374.30,376.19 2 7
github.com/mmcdole/gofeed/atom/parser.go:379.5,379.26 1 7
github.com/mmcdole/gofeed/atom/parser.go:376.19,378.6 1 0
github.com/mmcdole/gofeed/atom/parser.go:380.5,380.27 1 46
github.com/mmcdole/gofeed/atom/parser.go:380.27,382.19 2 1
github.com/mmcdole/gofeed/atom/parser.go:385.5,385.23 1 1
github.com/mmcdole/gofeed/atom/parser.go:382.19,384.6 1 0
github.com/mmcdole/gofeed/atom/parser.go:386.5,387.24 1 45
github.com/mmcdole/gofeed/atom/parser.go:387.24,389.19 2 0
github.com/mmcdole/gofeed/atom/parser.go:392.5,394.19 3 0
github.com/mmcdole/gofeed/atom/parser.go:389.19,391.6 1 0
github.com/mmcdole/gofeed/atom/parser.go:394.19,397.6 2 0
github.com/mmcdole/gofeed/atom/parser.go:398.5,399.23 1 45
github.com/mmcdole/gofeed/atom/parser.go:399.23,401.19 2 7
github.com/mmcdole/gofeed/atom/parser.go:404.5,404.29 1 7
github.com/mmcdole/gofeed/atom/parser.go:401.19,403.6 1 0
github.com/mmcdole/gofeed/atom/parser.go:405.5,405.29 1 38
github.com/mmcdole/gofeed/atom/parser.go:405.29,407.19 2 8
github.com/mmcdole/gofeed/atom/parser.go:410.5,410.34 1 8
github.com/mmcdole/gofeed/atom/parser.go:407.19,409.6 1 0
github.com/mmcdole/gofeed/atom/parser.go:411.5,411.34 1 30
github.com/mmcdole/gofeed/atom/parser.go:411.34,413.19 2 3
github.com/mmcdole/gofeed/atom/parser.go:416.5,416.30 1 3
github.com/mmcdole/gofeed/atom/parser.go:413.19,415.6 1 0
github.com/mmcdole/gofeed/atom/parser.go:417.5,417.29 1 27
github.com/mmcdole/gofeed/atom/parser.go:417.29,419.19 2 1
github.com/mmcdole/gofeed/atom/parser.go:422.5,422.25 1 1
github.com/mmcdole/gofeed/atom/parser.go:419.19,421.6 1 0
github.com/mmcdole/gofeed/atom/parser.go:423.5,423.29 1 26
github.com/mmcdole/gofeed/atom/parser.go:423.29,425.19 2 2
github.com/mmcdole/gofeed/atom/parser.go:428.5,428.25 1 2
github.com/mmcdole/gofeed/atom/parser.go:425.19,427.6 1 0
github.com/mmcdole/gofeed/atom/parser.go:429.5,430.25 1 24
github.com/mmcdole/gofeed/atom/parser.go:430.25,432.19 2 7
github.com/mmcdole/gofeed/atom/parser.go:435.5,435.27 1 7
github.com/mmcdole/gofeed/atom/parser.go:432.19,434.6 1 0
github.com/mmcdole/gofeed/atom/parser.go:436.5,436.36 1 17
github.com/mmcdole/gofeed/atom/parser.go:436.36,438.19 2 7
github.com/mmcdole/gofeed/atom/parser.go:441.5,441.48 1 7
github.com/mmcdole/gofeed/atom/parser.go:438.19,440.6 1 0
github.com/mmcdole/gofeed/atom/parser.go:442.5,442.31 1 10
github.com/mmcdole/gofeed/atom/parser.go:442.31,444.19 2 7
github.com/mmcdole/gofeed/atom/parser.go:447.5,447.38 1 7
github.com/mmcdole/gofeed/atom/parser.go:444.19,446.6 1 0
github.com/mmcdole/gofeed/atom/parser.go:448.5,448.33 1 3
github.com/mmcdole/gofeed/atom/parser.go:448.33,450.19 2 3
github.com/mmcdole/gofeed/atom/parser.go:453.5,453.44 1 3
github.com/mmcdole/gofeed/atom/parser.go:450.19,452.6 1 0
github.com/mmcdole/gofeed/atom/parser.go:454.5,456.19 2 0
github.com/mmcdole/gofeed/atom/parser.go:456.19,458.6 1 0
github.com/mmcdole/gofeed/atom/parser.go:463.25,465.3 1 3
github.com/mmcdole/gofeed/atom/parser.go:467.22,469.3 1 6
github.com/mmcdole/gofeed/atom/parser.go:471.27,473.3 1 6
github.com/mmcdole/gofeed/atom/parser.go:475.20,477.3 1 7
github.com/mmcdole/gofeed/atom/parser.go:479.25,481.3 1 0
github.com/mmcdole/gofeed/atom/parser.go:483.55,485.3 1 0
github.com/mmcdole/gofeed/atom/parser.go:490.72,496.16 5 10
github.com/mmcdole/gofeed/atom/parser.go:499.2,501.15 2 10
github.com/mmcdole/gofeed/atom/parser.go:496.16,498.3 1 0
github.com/mmcdole/gofeed/atom/parser.go:504.83,506.53 1 70
github.com/mmcdole/gofeed/atom/parser.go:510.2,512.6 2 70
github.com/mmcdole/gofeed/atom/parser.go:555.2,555.51 1 70
github.com/mmcdole/gofeed/atom/parser.go:559.2,559.20 1 70
github.com/mmcdole/gofeed/atom/parser.go:506.53,508.3 1 0
github.com/mmcdole/gofeed/atom/parser.go:512.6,514.17 2 172
github.com/mmcdole/gofeed/atom/parser.go:518.3,518.24 1 172
github.com/mmcdole/gofeed/atom/parser.go:522.3,522.26 1 102
github.com/mmcdole/gofeed/atom/parser.go:514.17,516.4 1 0
github.com/mmcdole/gofeed/atom/parser.go:518.24,519.9 1 70
github.com/mmcdole/gofeed/atom/parser.go:522.26,526.22 2 102
github.com/mmcdole/gofeed/atom/parser.go:526.22,528.19 2 36
github.com/mmcdole/gofeed/atom/parser.go:531.5,531.25 1 36
github.com/mmcdole/gofeed/atom/parser.go:528.19,530.6 1 0
github.com/mmcdole/gofeed/atom/parser.go:532.5,532.30 1 66
github.com/mmcdole/gofeed/atom/parser.go:532.30,534.19 2 26
github.com/mmcdole/gofeed/atom/parser.go:537.5,537.26 1 26
github.com/mmcdole/gofeed/atom/parser.go:534.19,536.6 1 0
github.com/mmcdole/gofeed/atom/parser.go:538.5,540.24 1 40
github.com/mmcdole/gofeed/atom/parser.go:540.24,542.19 2 40
github.com/mmcdole/gofeed/atom/parser.go:545.5,545.24 1 40
github.com/mmcdole/gofeed/atom/parser.go:542.19,544.6 1 0
github.com/mmcdole/gofeed/atom/parser.go:546.5,548.19 2 0
github.com/mmcdole/gofeed/atom/parser.go:548.19,550.6 1 0
github.com/mmcdole/gofeed/atom/parser.go:555.51,557.3 1 0
github.com/mmcdole/gofeed/atom/parser.go:562.66,563.55 1 37
github.com/mmcdole/gofeed/atom/parser.go:567.2,574.17 8 37
github.com/mmcdole/gofeed/atom/parser.go:578.2,578.33 1 37
github.com/mmcdole/gofeed/atom/parser.go:582.2,582.53 1 37
github.com/mmcdole/gofeed/atom/parser.go:585.2,585.15 1 37
github.com/mmcdole/gofeed/atom/parser.go:563.55,565.3 1 0
github.com/mmcdole/gofeed/atom/parser.go:574.17,576.3 1 22
github.com/mmcdole/gofeed/atom/parser.go:578.33,580.3 1 0
github.com/mmcdole/gofeed/atom/parser.go:582.53,584.3 1 0
github.com/mmcdole/gofeed/atom/parser.go:588.74,589.59 1 6
github.com/mmcdole/gofeed/atom/parser.go:593.2,598.33 5 6
github.com/mmcdole/gofeed/atom/parser.go:602.2,602.57 1 6
github.com/mmcdole/gofeed/atom/parser.go:605.2,605.15 1 6
github.com/mmcdole/gofeed/atom/parser.go:589.59,591.3 1 0
github.com/mmcdole/gofeed/atom/parser.go:598.33,600.3 1 0
github.com/mmcdole/gofeed/atom/parser.go:602.57,604.3 1 0
github.com/mmcdole/gofeed/atom/parser.go:608.76,610.60 1 10
github.com/mmcdole/gofeed/atom/parser.go:614.2,619.15 4 10
github.com/mmcdole/gofeed/atom/parser.go:625.2,628.16 3 10
github.com/mmcdole/gofeed/atom/parser.go:632.2,634.58 2 10
github.com/mmcdole/gofeed/atom/parser.go:638.2,638.15 1 10
github.com/mmcdole/gofeed/atom/parser.go:610.60,612.3 1 0
github.com/mmcdole/gofeed/atom/parser.go:619.15,621.3 1 2
github.com/mmcdole/gofeed/atom/parser.go:621.3,621.22 1 8
github.com/mmcdole/gofeed/atom/parser.go:621.22,623.3 1 2
github.com/mmcdole/gofeed/atom/parser.go:628.16,630.3 1 0
github.com/mmcdole/gofeed/atom/parser.go:634.58,636.3 1 0
github.com/mmcdole/gofeed/atom/parser.go:641.71,650.16 3 237
github.com/mmcdole/gofeed/atom/parser.go:654.2,658.36 3 237
github.com/mmcdole/gofeed/atom/parser.go:664.2,669.40 3 237
github.com/mmcdole/gofeed/atom/parser.go:683.2,683.20 1 237
github.com/mmcdole/gofeed/atom/parser.go:650.16,652.3 1 0
github.com/mmcdole/gofeed/atom/parser.go:658.36,662.3 3 0
github.com/mmcdole/gofeed/atom/parser.go:669.40,671.3 1 168
github.com/mmcdole/gofeed/atom/parser.go:671.3,671.49 1 69
github.com/mmcdole/gofeed/atom/parser.go:671.49,673.3 1 30
github.com/mmcdole/gofeed/atom/parser.go:673.3,673.32 1 39
github.com/mmcdole/gofeed/atom/parser.go:673.32,676.3 2 11
github.com/mmcdole/gofeed/atom/parser.go:676.3,678.17 2 28
github.com/mmcdole/gofeed/atom/parser.go:678.17,680.4 1 28
github.com/mmcdole/gofeed/atom/parser.go:686.62,688.2 1 239
github.com/mmcdole/gofeed/atom/parser.go:690.61,692.15 2 239
github.com/mmcdole/gofeed/atom/parser.go:696.2,697.38 2 151
github.com/mmcdole/gofeed/atom/parser.go:701.2,701.41 1 151
github.com/mmcdole/gofeed/atom/parser.go:705.2,705.11 1 0
github.com/mmcdole/gofeed/atom/parser.go:692.15,694.3 1 88
github.com/mmcdole/gofeed/atom/parser.go:697.38,699.3 1 0
github.com/mmcdole/gofeed/atom/parser.go:701.41,703.3 1 151
github.com/mmcdole/gofeed/atom/parser.go:708.68,712.16 4 41
github.com/mmcdole/gofeed/atom/parser.go:721.2,721.8 1 41
github.com/mmcdole/gofeed/atom/parser.go:712.16,714.52 2 41
github.com/mmcdole/gofeed/atom/parser.go:714.52,716.18 2 31
github.com/mmcdole/gofeed/atom/parser.go:716.18,718.5 1 31
github.com/mmcdole/gofeed/internal/shared/charsetconv.go:9.71,12.16 2 0
github.com/mmcdole/gofeed/internal/shared/charsetconv.go:18.2,18.18 1 0
github.com/mmcdole/gofeed/internal/shared/charsetconv.go:12.16,14.3 1 0
github.com/mmcdole/gofeed/internal/shared/dateparser.go:184.52,186.13 2 0
github.com/mmcdole/gofeed/internal/shared/dateparser.go:189.2,189.32 1 0
github.com/mmcdole/gofeed/internal/shared/dateparser.go:194.2,195.8 2 0
github.com/mmcdole/gofeed/internal/shared/dateparser.go:186.13,188.3 1 0
github.com/mmcdole/gofeed/internal/shared/dateparser.go:189.32,190.44 1 0
github.com/mmcdole/gofeed/internal/shared/dateparser.go:190.44,192.4 1 0
github.com/mmcdole/gofeed/internal/shared/extparser.go:13.45,15.39 2 0
github.com/mmcdole/gofeed/internal/shared/extparser.go:19.2,19.22 1 0
github.com/mmcdole/gofeed/internal/shared/extparser.go:15.39,17.3 1 0
github.com/mmcdole/gofeed/internal/shared/extparser.go:25.86,29.16 3 0
github.com/mmcdole/gofeed/internal/shared/extparser.go:34.2,34.30 1 0
github.com/mmcdole/gofeed/internal/shared/extparser.go:38.2,38.38 1 0
github.com/mmcdole/gofeed/internal/shared/extparser.go:42.2,43.16 2 0
github.com/mmcdole/gofeed/internal/shared/extparser.go:29.16,31.3 1 0
github.com/mmcdole/gofeed/internal/shared/extparser.go:34.30,36.3 1 0
github.com/mmcdole/gofeed/internal/shared/extparser.go:38.38,40.3 1 0
github.com/mmcdole/gofeed/internal/shared/extparser.go:46.79,47.51 1 0
github.com/mmcdole/gofeed/internal/shared/extparser.go:51.2,55.31 4 0
github.com/mmcdole/gofeed/internal/shared/extparser.go:61.2,61.6 1 0
github.com/mmcdole/gofeed/internal/shared/extparser.go:87.2,87.52 1 0
github.com/mmcdole/gofeed/internal/shared/extparser.go:91.2,91.15 1 0
github.com/mmcdole/gofeed/internal/shared/extparser.go:47.51,49.3 1 0
github.com/mmcdole/gofeed/internal/shared/extparser.go:55.31,59.3 1 0
github.com/mmcdole/gofeed/internal/shared/extparser.go:61.6,63.17 2 0
github.com/mmcdole/gofeed/internal/shared/extparser.go:67.3,67.24 1 0
github.com/mmcdole/gofeed/internal/shared/extparser.go:71.3,71.26 1 0
github.com/mmcdole/gofeed/internal/shared/extparser.go:63.17,65.4 1 0
github.com/mmcdole/gofeed/internal/shared/extparser.go:67.24,68.9 1 0
github.com/mmcdole/gofeed/internal/shared/extparser.go:71.26,73.18 2 0
github.com/mmcdole/gofeed/internal/shared/extparser.go:77.4,77.44 1 0
github.com/mmcdole/gofeed/internal/shared/extparser.go:81.4,81.66 1 0
github.com/mmcdole/gofeed/internal/shared/extparser.go:73.18,75.5 1 0
github.com/mmcdole/gofeed/internal/shared/extparser.go:77.44,79.5 1 0
github.com/mmcdole/gofeed/internal/shared/extparser.go:82.4,82.29 1 0
github.com/mmcdole/gofeed/internal/shared/extparser.go:82.29,84.4 1 0
github.com/mmcdole/gofeed/internal/shared/extparser.go:87.52,89.3 1 0
github.com/mmcdole/gofeed/internal/shared/extparser.go:94.68,99.50 1 0
github.com/mmcdole/gofeed/internal/shared/extparser.go:105.2,105.39 1 0
github.com/mmcdole/gofeed/internal/shared/extparser.go:112.2,112.14 1 0
github.com/mmcdole/gofeed/internal/shared/extparser.go:99.50,101.3 1 0
github.com/mmcdole/gofeed/internal/shared/extparser.go:105.39,107.3 1 0
github.com/mmcdole/gofeed/internal/shared/parseutils.go:27.73,28.6 1 0
github.com/mmcdole/gofeed/internal/shared/parseutils.go:41.2,41.8 1 0
github.com/mmcdole/gofeed/internal/shared/parseutils.go:28.6,30.17 2 0
github.com/mmcdole/gofeed/internal/shared/parseutils.go:33.3,33.28 1 0
github.com/mmcdole/gofeed/internal/shared/parseutils.go:37.3,37.31 1 0
github.com/mmcdole/gofeed/internal/shared/parseutils.go:30.17,32.4 1 0
github.com/mmcdole/gofeed/internal/shared/parseutils.go:33.28,34.9 1 0
github.com/mmcdole/gofeed/internal/shared/parseutils.go:37.31,39.4 1 0
github.com/mmcdole/gofeed/internal/shared/parseutils.go:48.72,49.6 1 0
github.com/mmcdole/gofeed/internal/shared/parseutils.go:64.2,64.8 1 0
github.com/mmcdole/gofeed/internal/shared/parseutils.go:49.6,51.17 2 0
github.com/mmcdole/gofeed/internal/shared/parseutils.go:55.3,55.51 1 0
github.com/mmcdole/gofeed/internal/shared/parseutils.go:59.3,59.31 1 0
github.com/mmcdole/gofeed/internal/shared/parseutils.go:51.17,53.4 1 0
github.com/mmcdole/gofeed/internal/shared/parseutils.go:55.51,56.9 1 0
github.com/mmcdole/gofeed/internal/shared/parseutils.go:59.31,61.4 1 0
github.com/mmcdole/gofeed/internal/shared/parseutils.go:71.54,78.16 3 0
github.com/mmcdole/gofeed/internal/shared/parseutils.go:82.2,86.36 3 0
github.com/mmcdole/gofeed/internal/shared/parseutils.go:92.2,92.31 1 0
github.com/mmcdole/gofeed/internal/shared/parseutils.go:78.16,80.3 1 0
github.com/mmcdole/gofeed/internal/shared/parseutils.go:86.36,90.3 3 0
github.com/mmcdole/gofeed/internal/shared/parseutils.go:97.49,101.20 3 17
github.com/mmcdole/gofeed/internal/shared/parseutils.go:169.2,169.26 1 8
github.com/mmcdole/gofeed/internal/shared/parseutils.go:101.20,104.16 2 26
github.com/mmcdole/gofeed/internal/shared/parseutils.go:110.3,113.21 3 24
github.com/mmcdole/gofeed/internal/shared/parseutils.go:118.3,119.16 2 23
github.com/mmcdole/gofeed/internal/shared/parseutils.go:123.3,123.21 1 20
github.com/mmcdole/gofeed/internal/shared/parseutils.go:166.3,166.22 1 15
github.com/mmcdole/gofeed/internal/shared/parseutils.go:104.16,106.9 2 2
github.com/mmcdole/gofeed/internal/shared/parseutils.go:113.21,115.4 1 1
github.com/mmcdole/gofeed/internal/shared/parseutils.go:119.16,121.4 1 3
github.com/mmcdole/gofeed/internal/shared/parseutils.go:123.21,128.39 3 11
github.com/mmcdole/gofeed/internal/shared/parseutils.go:135.4,136.18 2 11
github.com/mmcdole/gofeed/internal/shared/parseutils.go:140.4,140.26 1 7
github.com/mmcdole/gofeed/internal/shared/parseutils.go:128.39,131.5 2 7
github.com/mmcdole/gofeed/internal/shared/parseutils.go:131.5,133.5 1 4
github.com/mmcdole/gofeed/internal/shared/parseutils.go:136.18,138.5 1 4
github.com/mmcdole/gofeed/internal/shared/parseutils.go:141.4,146.16 3 9
github.com/mmcdole/gofeed/internal/shared/parseutils.go:162.4,162.20 1 8
github.com/mmcdole/gofeed/internal/shared/parseutils.go:147.4,148.12 1 1
github.com/mmcdole/gofeed/internal/shared/parseutils.go:149.4,150.12 1 1
github.com/mmcdole/gofeed/internal/shared/parseutils.go:151.4,152.12 1 2
github.com/mmcdole/gofeed/internal/shared/parseutils.go:153.4,154.13 1 2
github.com/mmcdole/gofeed/internal/shared/parseutils.go:155.4,156.12 1 2
github.com/mmcdole/gofeed/internal/shared/parseutils.go:157.4,159.26 1 1
github.com/mmcdole/gofeed/internal/shared/parseutils.go:175.77,176.27 1 0
github.com/mmcdole/gofeed/internal/shared/parseutils.go:180.2,180.47 1 0
github.com/mmcdole/gofeed/internal/shared/parseutils.go:195.2,195.8 1 0
github.com/mmcdole/gofeed/internal/shared/parseutils.go:176.27,178.3 1 0
github.com/mmcdole/gofeed/internal/shared/parseutils.go:180.47,184.3 3 0
github.com/mmcdole/gofeed/internal/shared/parseutils.go:184.3,184.54 1 0
github.com/mmcdole/gofeed/internal/shared/parseutils.go:184.54,188.3 3 0
github.com/mmcdole/gofeed/internal/shared/parseutils.go:188.3,188.53 1 0
github.com/mmcdole/gofeed/internal/shared/parseutils.go:188.53,191.3 2 0
github.com/mmcdole/gofeed/internal/shared/parseutils.go:191.3,191.54 1 0
github.com/mmcdole/gofeed/internal/shared/parseutils.go:191.54,194.3 2 0
github.com/mmcdole/gofeed/internal/shared/xmlsanitizer.go:12.53,13.33 1 0
github.com/mmcdole/gofeed/internal/shared/xmlsanitizer.go:21.2,22.36 2 0
github.com/mmcdole/gofeed/internal/shared/xmlsanitizer.go:13.33,20.3 1 0
github.com/mmcdole/gofeed/rss/parser.go:17.56,21.16 3 143
github.com/mmcdole/gofeed/rss/parser.go:25.2,25.24 1 143
github.com/mmcdole/gofeed/rss/parser.go:21.16,23.3 1 0
github.com/mmcdole/gofeed/rss/parser.go:28.66,31.36 3 143
github.com/mmcdole/gofeed/rss/parser.go:36.2,43.6 6 143
github.com/mmcdole/gofeed/rss/parser.go:90.2,92.36 3 143
github.com/mmcdole/gofeed/rss/parser.go:96.2,96.20 1 143
github.com/mmcdole/gofeed/rss/parser.go:101.2,101.20 1 143
github.com/mmcdole/gofeed/rss/parser.go:105.2,105.22 1 143
github.com/mmcdole/gofeed/rss/parser.go:109.2,109.18 1 143
github.com/mmcdole/gofeed/rss/parser.go:113.2,114.21 2 143
github.com/mmcdole/gofeed/rss/parser.go:31.36,33.3 1 0
github.com/mmcdole/gofeed/rss/parser.go:43.6,45.17 2 307
github.com/mmcdole/gofeed/rss/parser.go:49.3,49.24 1 307
github.com/mmcdole/gofeed/rss/parser.go:53.3,53.26 1 164
github.com/mmcdole/gofeed/rss/parser.go:45.17,47.4 1 0
github.com/mmcdole/gofeed/rss/parser.go:49.24,50.9 1 143
github.com/mmcdole/gofeed/rss/parser.go:53.26,56.29 1 164
github.com/mmcdole/gofeed/rss/parser.go:61.4,63.25 2 164
github.com/mmcdole/gofeed/rss/parser.go:56.29,58.13 2 0
github.com/mmcdole/gofeed/rss/parser.go:63.25,65.19 2 132
github.com/mmcdole/gofeed/rss/parser.go:65.19,67.6 1 0
github.com/mmcdole/gofeed/rss/parser.go:68.5,68.29 1 32
github.com/mmcdole/gofeed/rss/parser.go:68.29,70.19 2 11
github.com/mmcdole/gofeed/rss/parser.go:73.5,73.32 1 11
github.com/mmcdole/gofeed/rss/parser.go:70.19,72.6 1 0
github.com/mmcdole/gofeed/rss/parser.go:74.5,74.34 1 21
github.com/mmcdole/gofeed/rss/parser.go:74.34,76.19 2 13
github.com/mmcdole/gofeed/rss/parser.go:76.19,78.6 1 0
github.com/mmcdole/gofeed/rss/parser.go:79.5,79.30 1 8
github.com/mmcdole/gofeed/rss/parser.go:79.30,81.19 2 8
github.com/mmcdole/gofeed/rss/parser.go:81.19,83.6 1 0
github.com/mmcdole/gofeed/rss/parser.go:84.5,86.5 1 0
github.com/mmcdole/gofeed/rss/parser.go:92.36,94.3 1 0
github.com/mmcdole/gofeed/rss/parser.go:96.20,99.3 2 11
github.com/mmcdole/gofeed/rss/parser.go:101.20,103.3 1 11
github.com/mmcdole/gofeed/rss/parser.go:105.22,107.3 1 13
github.com/mmcdole/gofeed/rss/parser.go:109.18,111.3 1 8
github.com/mmcdole/gofeed/rss/parser.go:117.77,119.57 1 132
github.com/mmcdole/gofeed/rss/parser.go:123.2,129.6 5 132
github.com/mmcdole/gofeed/rss/parser.go:287.2,287.55 1 132
github.com/mmcdole/gofeed/rss/parser.go:291.2,291.25 1 132
github.com/mmcdole/gofeed/rss/parser.go:295.2,295.25 1 132
github.com/mmcdole/gofeed/rss/parser.go:307.2,307.17 1 132
github.com/mmcdole/gofeed/rss/parser.go:119.57,121.3 1 0
github.com/mmcdole/gofeed/rss/parser.go:129.6,131.17 2 267
github.com/mmcdole/gofeed/rss/parser.go:135.3,135.24 1 267
github.com/mmcdole/gofeed/rss/parser.go:139.3,139.26 1 135
github.com/mmcdole/gofeed/rss/parser.go:131.17,133.4 1 0
github.com/mmcdole/gofeed/rss/parser.go:135.24,136.9 1 132
github.com/mmcdole/gofeed/rss/parser.go:139.26,143.29 2 135
github.com/mmcdole/gofeed/rss/parser.go:143.29,145.19 2 0
github.com/mmcdole/gofeed/rss/parser.go:148.5,148.21 1 0
github.com/mmcdole/gofeed/rss/parser.go:145.19,147.6 1 0
github.com/mmcdole/gofeed/rss/parser.go:149.5,149.30 1 135
github.com/mmcdole/gofeed/rss/parser.go:149.30,151.19 2 12
github.com/mmcdole/gofeed/rss/parser.go:154.5,154.23 1 12
github.com/mmcdole/gofeed/rss/parser.go:151.19,153.6 1 0
github.com/mmcdole/gofeed/rss/parser.go:155.5,155.36 1 123
github.com/mmcdole/gofeed/rss/parser.go:155.36,157.19 2 10
github.com/mmcdole/gofeed/rss/parser.go:160.5,160.29 1 10
github.com/mmcdole/gofeed/rss/parser.go:157.19,159.6 1 0
github.com/mmcdole/gofeed/rss/parser.go:161.5,161.29 1 113
github.com/mmcdole/gofeed/rss/parser.go:161.29,163.19 2 2
github.com/mmcdole/gofeed/rss/parser.go:166.5,166.22 1 2
github.com/mmcdole/gofeed/rss/parser.go:163.19,165.6 1 0
github.com/mmcdole/gofeed/rss/parser.go:167.5,167.33 1 111
github.com/mmcdole/gofeed/rss/parser.go:167.33,169.19 2 1
github.com/mmcdole/gofeed/rss/parser.go:172.5,172.26 1 1
github.com/mmcdole/gofeed/rss/parser.go:169.19,171.6 1 0
github.com/mmcdole/gofeed/rss/parser.go:173.5,173.34 1 110
github.com/mmcdole/gofeed/rss/parser.go:173.34,175.19 2 5
github.com/mmcdole/gofeed/rss/parser.go:178.5,178.27 1 5
github.com/mmcdole/gofeed/rss/parser.go:175.19,177.6 1 0
github.com/mmcdole/gofeed/rss/parser.go:179.5,179.39 1 105
github.com/mmcdole/gofeed/rss/parser.go:179.39,181.19 2 5
github.com/mmcdole/gofeed/rss/parser.go:184.5,184.32 1 5
github.com/mmcdole/gofeed/rss/parser.go:181.19,183.6 1 0
github.com/mmcdole/gofeed/rss/parser.go:185.5,185.34 1 100
github.com/mmcdole/gofeed/rss/parser.go:185.34,187.19 2 5
github.com/mmcdole/gofeed/rss/parser.go:190.5,190.27 1 5
github.com/mmcdole/gofeed/rss/parser.go:187.19,189.6 1 0
github.com/mmcdole/gofeed/rss/parser.go:191.5,191.32 1 95
github.com/mmcdole/gofeed/rss/parser.go:191.32,193.19 2 1
github.com/mmcdole/gofeed/rss/parser.go:196.5,198.19 3 1
github.com/mmcdole/gofeed/rss/parser.go:193.19,195.6 1 0
github.com/mmcdole/gofeed/rss/parser.go:198.19,201.6 2 1
github.com/mmcdole/gofeed/rss/parser.go:202.5,202.38 1 94
github.com/mmcdole/gofeed/rss/parser.go:202.38,204.19 2 1
github.com/mmcdole/gofeed/rss/parser.go:207.5,209.19 3 1
github.com/mmcdole/gofeed/rss/parser.go:204.19,206.6 1 0
github.com/mmcdole/gofeed/rss/parser.go:209.19,212.6 2 1
github.com/mmcdole/gofeed/rss/parser.go:213.5,213.34 1 93
github.com/mmcdole/gofeed/rss/parser.go:213.34,215.19 2 5
github.com/mmcdole/gofeed/rss/parser.go:218.5,218.27 1 5
github.com/mmcdole/gofeed/rss/parser.go:215.19,217.6 1 0
github.com/mmcdole/gofeed/rss/parser.go:219.5,219.29 1 88
github.com/mmcdole/gofeed/rss/parser.go:219.29,221.19 2 1
github.com/mmcdole/gofeed/rss/parser.go:224.5,224.22 1 1
github.com/mmcdole/gofeed/rss/parser.go:221.19,223.6 1 0
github.com/mmcdole/gofeed/rss/parser.go:225.5,225.28 1 87
github.com/mmcdole/gofeed/rss/parser.go:225.28,227.19 2 1
github.com/mmcdole/gofeed/rss/parser.go:230.5,230.21 1 1
github.com/mmcdole/gofeed/rss/parser.go:227.19,229.6 1 0
github.com/mmcdole/gofeed/rss/parser.go:231.5,231.31 1 86
github.com/mmcdole/gofeed/rss/parser.go:231.31,233.19 2 5
github.com/mmcdole/gofeed/rss/parser.go:236.5,236.24 1 5
github.com/mmcdole/gofeed/rss/parser.go:233.19,235.6 1 0
github.com/mmcdole/gofeed/rss/parser.go:237.5,237.34 1 81
github.com/mmcdole/gofeed/rss/parser.go:237.34,239.19 2 2
github.com/mmcdole/gofeed/rss/parser.go:242.5,242.27 1 2
github.com/mmcdole/gofeed/rss/parser.go:239.19,241.6 1 0
github.com/mmcdole/gofeed/rss/parser.go:243.5,243.33 1 79
github.com/mmcdole/gofeed/rss/parser.go:243.33,245.19 2 2
github.com/mmcdole/gofeed/rss/parser.go:248.5,248.26 1 2
github.com/mmcdole/gofeed/rss/parser.go:245.19,247.6 1 0
github.com/mmcdole/gofeed/rss/parser.go:249.5,249.29 1 77
github.com/mmcdole/gofeed/rss/parser.go:249.29,251.19 2 30
github.com/mmcdole/gofeed/rss/parser.go:254.5,254.42 1 30
github.com/mmcdole/gofeed/rss/parser.go:251.19,253.6 1 0
github.com/mmcdole/gofeed/rss/parser.go:255.5,255.30 1 47
github.com/mmcdole/gofeed/rss/parser.go:255.30,257.19 2 1
github.com/mmcdole/gofeed/rss/parser.go:260.5,260.23 1 1
github.com/mmcdole/gofeed/rss/parser.go:257.19,259.6 1 0
github.com/mmcdole/gofeed/rss/parser.go:261.5,261.33 1 46
github.com/mmcdole/gofeed/rss/parser.go:261.33,263.19 2 10
github.com/mmcdole/gofeed/rss/parser.go:266.5,266.44 1 10
github.com/mmcdole/gofeed/rss/parser.go:263.19,265.6 1 0
github.com/mmcdole/gofeed/rss/parser.go:267.5,267.30 1 36
github.com/mmcdole/gofeed/rss/parser.go:267.30,269.19 2 10
github.com/mmcdole/gofeed/rss/parser.go:272.5,272.23 1 10
github.com/mmcdole/gofeed/rss/parser.go:269.19,271.6 1 0
github.com/mmcdole/gofeed/rss/parser.go:273.5,273.34 1 26
github.com/mmcdole/gofeed/rss/parser.go:273.34,275.19 2 15
github.com/mmcdole/gofeed/rss/parser.go:278.5,278.27 1 15
github.com/mmcdole/gofeed/rss/parser.go:275.19,277.6 1 0
github.com/mmcdole/gofeed/rss/parser.go:279.5,283.5 1 11
github.com/mmcdole/gofeed/rss/parser.go:287.55,289.3 1 0
github.com/mmcdole/gofeed/rss/parser.go:291.25,293.3 1 5
github.com/mmcdole/gofeed/rss/parser.go:295.25,298.49 2 0
github.com/mmcdole/gofeed/rss/parser.go:302.3,302.41 1 0
github.com/mmcdole/gofeed/rss/parser.go:298.49,300.4 1 0
github.com/mmcdole/gofeed/rss/parser.go:302.41,304.4 1 0
github.com/mmcdole/gofeed/rss/parser.go:310.75,312.54 1 41
github.com/mmcdole/gofeed/rss/parser.go:316.2,320.6 4 41
github.com/mmcdole/gofeed/rss/parser.go:412.2,412.25 1 41
github.com/mmcdole/gofeed/rss/parser.go:416.2,416.25 1 41
github.com/mmcdole/gofeed/rss/parser.go:428.2,428.52 1 41
github.com/mmcdole/gofeed/rss/parser.go:432.2,432.18 1 41
github.com/mmcdole/gofeed/rss/parser.go:312.54,314.3 1 0
github.com/mmcdole/gofeed/rss/parser.go:320.6,322.17 2 87
github.com/mmcdole/gofeed/rss/parser.go:326.3,326.24 1 87
github.com/mmcdole/gofeed/rss/parser.go:330.3,330.26 1 46
github.com/mmcdole/gofeed/rss/parser.go:322.17,324.4 1 0
github.com/mmcdole/gofeed/rss/parser.go:326.24,327.9 1 41
github.com/mmcdole/gofeed/rss/parser.go:330.26,334.29 2 46
github.com/mmcdole/gofeed/rss/parser.go:334.29,336.19 2 0
github.com/mmcdole/gofeed/rss/parser.go:339.5,339.26 1 0
github.com/mmcdole/gofeed/rss/parser.go:336.19,338.6 1 0
github.com/mmcdole/gofeed/rss/parser.go:340.5,340.30 1 46
github.com/mmcdole/gofeed/rss/parser.go:340.30,342.19 2 10
github.com/mmcdole/gofeed/rss/parser.go:345.5,345.24 1 10
github.com/mmcdole/gofeed/rss/parser.go:342.19,344.6 1 0
github.com/mmcdole/gofeed/rss/parser.go:346.5,346.36 1 36
github.com/mmcdole/gofeed/rss/parser.go:346.36,348.19 2 10
github.com/mmcdole/gofeed/rss/parser.go:351.5,351.30 1 10
github.com/mmcdole/gofeed/rss/parser.go:348.19,350.6 1 0
github.com/mmcdole/gofeed/rss/parser.go:352.5,352.29 1 26
github.com/mmcdole/gofeed/rss/parser.go:352.29,354.19 2 2
github.com/mmcdole/gofeed/rss/parser.go:357.5,357.23 1 2
github.com/mmcdole/gofeed/rss/parser.go:354.19,356.6 1 0
github.com/mmcdole/gofeed/rss/parser.go:358.5,358.31 1 24
github.com/mmcdole/gofeed/rss/parser.go:358.31,360.19 2 5
github.com/mmcdole/gofeed/rss/parser.go:363.5,363.25 1 5
github.com/mmcdole/gofeed/rss/parser.go:360.19,362.6 1 0
github.com/mmcdole/gofeed/rss/parser.go:364.5,364.33 1 19
github.com/mmcdole/gofeed/rss/parser.go:364.33,366.19 2 1
github.com/mmcdole/gofeed/rss/parser.go:369.5,369.27 1 1
github.com/mmcdole/gofeed/rss/parser.go:366.19,368.6 1 0
github.com/mmcdole/gofeed/rss/parser.go:370.5,370.32 1 18
github.com/mmcdole/gofeed/rss/parser.go:370.32,372.19 2 1
github.com/mmcdole/gofeed/rss/parser.go:375.5,377.19 3 1
github.com/mmcdole/gofeed/rss/parser.go:372.19,374.6 1 0
github.com/mmcdole/gofeed/rss/parser.go:377.19,380.6 2 1
github.com/mmcdole/gofeed/rss/parser.go:381.5,381.31 1 17
github.com/mmcdole/gofeed/rss/parser.go:381.31,383.19 2 1
github.com/mmcdole/gofeed/rss/parser.go:386.5,386.25 1 1
github.com/mmcdole/gofeed/rss/parser.go:383.19,385.6 1 0
github.com/mmcdole/gofeed/rss/parser.go:387.5,387.34 1 16
github.com/mmcdole/gofeed/rss/parser.go:387.34,389.19 2 1
github.com/mmcdole/gofeed/rss/parser.go:392.5,392.28 1 1
github.com/mmcdole/gofeed/rss/parser.go:389.19,391.6 1 0
github.com/mmcdole/gofeed/rss/parser.go:393.5,393.29 1 15
github.com/mmcdole/gofeed/rss/parser.go:393.29,395.19 2 5
github.com/mmcdole/gofeed/rss/parser.go:398.5,398.23 1 5
github.com/mmcdole/gofeed/rss/parser.go:395.19,397.6 1 0
github.com/mmcdole/gofeed/rss/parser.go:399.5,399.33 1 10
github.com/mmcdole/gofeed/rss/parser.go:399.33,401.19 2 10
github.com/mmcdole/gofeed/rss/parser.go:404.5,404.44 1 10
github.com/mmcdole/gofeed/rss/parser.go:401.19,403.6 1 0
github.com/mmcdole/gofeed/rss/parser.go:405.5,408.5 1 0
github.com/mmcdole/gofeed/rss/parser.go:412.25,414.3 1 5
github.com/mmcdole/gofeed/rss/parser.go:416.25,419.50 2 0
github.com/mmcdole/gofeed/rss/parser.go:423.3,423.42 1 0
github.com/mmcdole/gofeed/rss/parser.go:419.50,421.4 1 0
github.com/mmcdole/gofeed/rss/parser.go:423.42,425.4 1 0
github.com/mmcdole/gofeed/rss/parser.go:428.52,430.3 1 0
github.com/mmcdole/gofeed/rss/parser.go:435.81,436.56 1 1
github.com/mmcdole/gofeed/rss/parser.go:440.2,444.16 4 1
github.com/mmcdole/gofeed/rss/parser.go:447.2,449.54 2 1
github.com/mmcdole/gofeed/rss/parser.go:452.2,452.20 1 1
github.com/mmcdole/gofeed/rss/parser.go:436.56,438.3 1 0
github.com/mmcdole/gofeed/rss/parser.go:444.16,446.3 1 0
github.com/mmcdole/gofeed/rss/parser.go:449.54,451.3 1 0
github.com/mmcdole/gofeed/rss/parser.go:455.90,456.59 1 1
github.com/mmcdole/gofeed/rss/parser.go:460.2,467.16 6 1
github.com/mmcdole/gofeed/rss/parser.go:471.2,471.57 1 1
github.com/mmcdole/gofeed/rss/parser.go:475.2,475.23 1 1
github.com/mmcdole/gofeed/rss/parser.go:456.59,458.3 1 0
github.com/mmcdole/gofeed/rss/parser.go:467.16,469.3 1 0
github.com/mmcdole/gofeed/rss/parser.go:471.57,473.3 1 0
github.com/mmcdole/gofeed/rss/parser.go:478.78,479.55 1 18
github.com/mmcdole/gofeed/rss/parser.go:483.2,485.6 2 18
github.com/mmcdole/gofeed/rss/parser.go:540.2,540.53 1 18
github.com/mmcdole/gofeed/rss/parser.go:544.2,544.19 1 18
github.com/mmcdole/gofeed/rss/parser.go:479.55,481.3 1 0
github.com/mmcdole/gofeed/rss/parser.go:485.6,487.17 2 40
github.com/mmcdole/gofeed/rss/parser.go:491.3,491.24 1 40
github.com/mmcdole/gofeed/rss/parser.go:495.3,495.26 1 22
github.com/mmcdole/gofeed/rss/parser.go:487.17,489.4 1 0
github.com/mmcdole/gofeed/rss/parser.go:491.24,492.9 1 18
github.com/mmcdole/gofeed/rss/parser.go:495.26,498.21 2 22
github.com/mmcdole/gofeed/rss/parser.go:498.21,500.19 2 4
github.com/mmcdole/gofeed/rss/parser.go:503.5,503.23 1 4
github.com/mmcdole/gofeed/rss/parser.go:500.19,502.6 1 0
github.com/mmcdole/gofeed/rss/parser.go:504.5,504.30 1 18
github.com/mmcdole/gofeed/rss/parser.go:504.30,506.19 2 8
github.com/mmcdole/gofeed/rss/parser.go:509.5,509.25 1 8
github.com/mmcdole/gofeed/rss/parser.go:506.19,508.6 1 0
github.com/mmcdole/gofeed/rss/parser.go:510.5,510.29 1 10
github.com/mmcdole/gofeed/rss/parser.go:510.29,512.19 2 4
github.com/mmcdole/gofeed/rss/parser.go:515.5,515.24 1 4
github.com/mmcdole/gofeed/rss/parser.go:512.19,514.6 1 0
github.com/mmcdole/gofeed/rss/parser.go:516.5,516.30 1 6
github.com/mmcdole/gofeed/rss/parser.go:516.30,518.19 2 2
github.com/mmcdole/gofeed/rss/parser.go:521.5,521.25 1 2
github.com/mmcdole/gofeed/rss/parser.go:518.19,520.6 1 0
github.com/mmcdole/gofeed/rss/parser.go:522.5,522.31 1 4
github.com/mmcdole/gofeed/rss/parser.go:522.31,524.19 2 2
github.com/mmcdole/gofeed/rss/parser.go:527.5,527.26 1 2
github.com/mmcdole/gofeed/rss/parser.go:524.19,526.6 1 0
github.com/mmcdole/gofeed/rss/parser.go:528.5,528.36 1 2
github.com/mmcdole/gofeed/rss/parser.go:528.36,530.19 2 2
github.com/mmcdole/gofeed/rss/parser.go:533.5,533.31 1 2
github.com/mmcdole/gofeed/rss/parser.go:530.19,532.6 1 0
github.com/mmcdole/gofeed/rss/parser.go:534.5,536.5 1 0
github.com/mmcdole/gofeed/rss/parser.go:540.53,542.3 1 0
github.com/mmcdole/gofeed/rss/parser.go:547.75,548.54 1 5
github.com/mmcdole/gofeed/rss/parser.go:552.2,556.16 4 5
github.com/mmcdole/gofeed/rss/parser.go:559.2,561.52 2 5
github.com/mmcdole/gofeed/rss/parser.go:565.2,565.18 1 5
github.com/mmcdole/gofeed/rss/parser.go:548.54,550.3 1 0
github.com/mmcdole/gofeed/rss/parser.go:556.16,558.3 1 0
github.com/mmcdole/gofeed/rss/parser.go:561.52,563.3 1 0
github.com/mmcdole/gofeed/rss/parser.go:568.82,570.58 1 20
github.com/mmcdole/gofeed/rss/parser.go:574.2,578.16 4 20
github.com/mmcdole/gofeed/rss/parser.go:582.2,584.56 2 20
github.com/mmcdole/gofeed/rss/parser.go:587.2,587.17 1 20
github.com/mmcdole/gofeed/rss/parser.go:570.58,572.3 1 0
github.com/mmcdole/gofeed/rss/parser.go:578.16,580.3 1 0
github.com/mmcdole/gofeed/rss/parser.go:584.56,586.3 1 0
github.com/mmcdole/gofeed/rss/parser.go:590.76,591.60 1 28
github.com/mmcdole/gofeed/rss/parser.go:595.2,597.6 2 28
github.com/mmcdole/gofeed/rss/parser.go:640.2,640.58 1 28
github.com/mmcdole/gofeed/rss/parser.go:644.2,644.16 1 28
github.com/mmcdole/gofeed/rss/parser.go:591.60,593.3 1 0
github.com/mmcdole/gofeed/rss/parser.go:597.6,599.17 2 52
github.com/mmcdole/gofeed/rss/parser.go:603.3,603.24 1 52
github.com/mmcdole/gofeed/rss/parser.go:607.3,607.26 1 24
github.com/mmcdole/gofeed/rss/parser.go:599.17,601.4 1 0
github.com/mmcdole/gofeed/rss/parser.go:603.24,604.9 1 28
github.com/mmcdole/gofeed/rss/parser.go:607.26,610.23 2 24
github.com/mmcdole/gofeed/rss/parser.go:610.23,612.19 2 4
github.com/mmcdole/gofeed/rss/parser.go:615.5,615.22 1 4
github.com/mmcdole/gofeed/rss/parser.go:612.19,614.6 1 0
github.com/mmcdole/gofeed/rss/parser.go:616.5,616.36 1 20
github.com/mmcdole/gofeed/rss/parser.go:616.36,618.19 2 8
github.com/mmcdole/gofeed/rss/parser.go:621.5,621.28 1 8
github.com/mmcdole/gofeed/rss/parser.go:618.19,620.6 1 0
github.com/mmcdole/gofeed/rss/parser.go:622.5,622.29 1 12
github.com/mmcdole/gofeed/rss/parser.go:622.29,624.19 2 8
github.com/mmcdole/gofeed/rss/parser.go:627.5,627.21 1 8
github.com/mmcdole/gofeed/rss/parser.go:624.19,626.6 1 0
github.com/mmcdole/gofeed/rss/parser.go:628.5,628.29 1 4
github.com/mmcdole/gofeed/rss/parser.go:628.29,630.19 2 4
github.com/mmcdole/gofeed/rss/parser.go:633.5,633.21 1 4
github.com/mmcdole/gofeed/rss/parser.go:630.19,632.6 1 0
github.com/mmcdole/gofeed/rss/parser.go:634.5,636.5 1 0
github.com/mmcdole/gofeed/rss/parser.go:640.58,642.3 1 0
github.com/mmcdole/gofeed/rss/parser.go:647.74,648.60 1 2
github.com/mmcdole/gofeed/rss/parser.go:652.2,654.6 2 2
github.com/mmcdole/gofeed/rss/parser.go:678.2,678.58 1 2
github.com/mmcdole/gofeed/rss/parser.go:682.2,682.19 1 2
github.com/mmcdole/gofeed/rss/parser.go:648.60,650.3 1 0
github.com/mmcdole/gofeed/rss/parser.go:654.6,656.17 2 8
github.com/mmcdole/gofeed/rss/parser.go:660.3,660.24 1 8
github.com/mmcdole/gofeed/rss/parser.go:664.3,664.26 1 6
github.com/mmcdole/gofeed/rss/parser.go:656.17,658.4 1 0
github.com/mmcdole/gofeed/rss/parser.go:660.24,661.9 1 2
github.com/mmcdole/gofeed/rss/parser.go:664.26,666.22 2 6
github.com/mmcdole/gofeed/rss/parser.go:666.22,668.19 2 6
github.com/mmcdole/gofeed/rss/parser.go:671.5,671.34 1 6
github.com/mmcdole/gofeed/rss/parser.go:668.19,670.6 1 0
github.com/mmcdole/gofeed/rss/parser.go:672.5,674.5 1 0
github.com/mmcdole/gofeed/rss/parser.go:678.58,680.3 1 0
github.com/mmcdole/gofeed/rss/parser.go:685.73,686.59 1 2
github.com/mmcdole/gofeed/rss/parser.go:690.2,692.6 2 2
github.com/mmcdole/gofeed/rss/parser.go:716.2,716.57 1 2
github.com/mmcdole/gofeed/rss/parser.go:720.2,720.18 1 2
github.com/mmcdole/gofeed/rss/parser.go:686.59,688.3 1 0
github.com/mmcdole/gofeed/rss/parser.go:692.6,694.17 2 6
github.com/mmcdole/gofeed/rss/parser.go:698.3,698.24 1 6
github.com/mmcdole/gofeed/rss/parser.go:702.3,702.26 1 4
github.com/mmcdole/gofeed/rss/parser.go:694.17,696.4 1 0
github.com/mmcdole/gofeed/rss/parser.go:698.24,699.9 1 2
github.com/mmcdole/gofeed/rss/parser.go:702.26,704.21 2 4
github.com/mmcdole/gofeed/rss/parser.go:704.21,706.19 2 4
github.com/mmcdole/gofeed/rss/parser.go:709.5,709.32 1 4
github.com/mmcdole/gofeed/rss/parser.go:706.19,708.6 1 0
github.com/mmcdole/gofeed/rss/parser.go:710.5,712.5 1 0
github.com/mmcdole/gofeed/rss/parser.go:716.57,718.3 1 0
github.com/mmcdole/gofeed/rss/parser.go:723.68,724.56 1 1
github.com/mmcdole/gofeed/rss/parser.go:728.2,737.54 8 1
github.com/mmcdole/gofeed/rss/parser.go:741.2,741.19 1 1
github.com/mmcdole/gofeed/rss/parser.go:724.56,726.3 1 0
github.com/mmcdole/gofeed/rss/parser.go:737.54,739.3 1 0
github.com/mmcdole/gofeed/rss/parser.go:744.67,746.19 2 143
github.com/mmcdole/gofeed/rss/parser.go:757.2,757.8 1 143
github.com/mmcdole/gofeed/rss/parser.go:746.19,748.3 1 96
github.com/mmcdole/gofeed/rss/parser.go:748.3,748.26 1 47
github.com/mmcdole/gofeed/rss/parser.go:748.26,751.51 2 47
github.com/mmcdole/gofeed/rss/parser.go:751.51,753.4 1 1
github.com/mmcdole/gofeed/rss/parser.go:753.4,753.46 1 46
github.com/mmcdole/gofeed/rss/parser.go:753.46,755.4 1 46
github.com/mmcdole/gofeed/rss/feed.go:40.31,43.2 2 0
